2023-04-29 14:38:43 info: 0f17d399-ee63-418e-a39e-198967ca9428로 요청 들어옴
2023-04-29 14:38:43 info: Todo get 쿼리 들어옴 ip: ::1
2023-04-29 14:38:44 info: 0f17d399-ee63-418e-a39e-198967ca9428로 요청 들어옴
2023-04-29 14:38:44 info: Todo get 쿼리 들어옴 ip: ::1
2023-04-29 14:38:49 info: 0f17d399-ee63-418e-a39e-198967ca9428로 요청 들어옴
2023-04-29 14:38:49 info: /login/logout 패스됨
2023-04-29 14:38:49 info: logout post 쿼리 들어옴 ip: ::1, sessionid: 0f17d399-ee63-418e-a39e-198967ca9428
2023-04-29 14:39:24 info: 0f17d399-ee63-418e-a39e-198967ca9428로 요청 들어옴
2023-04-29 14:39:24 info: /login 패스됨
2023-04-29 14:39:24 info: login post 쿼리 들어옴 ip: ::1
2023-04-29 14:39:24 info: id: undefined
2023-04-29 14:39:25 info: 0f17d399-ee63-418e-a39e-198967ca9428로 요청 들어옴
2023-04-29 14:39:25 info: 세션 아이디 없음으로 403 반환
2023-04-29 14:39:26 info: 87103588-830b-4812-9493-870936634c65로 요청 들어옴
2023-04-29 14:39:26 info: Todo get 쿼리 들어옴 ip: ::1
2023-04-29 14:39:36 info: 87103588-830b-4812-9493-870936634c65로 요청 들어옴
2023-04-29 14:39:36 info: Todo get 쿼리 들어옴 ip: ::1
2023-04-29 14:39:42 info: 87103588-830b-4812-9493-870936634c65로 요청 들어옴
2023-04-29 14:39:42 info: 카드 아이콘 변경 [object Object]
2023-04-29 14:39:42 info: 87103588-830b-4812-9493-870936634c65로 요청 들어옴
2023-04-29 14:39:42 info: Todo get 쿼리 들어옴 ip: ::1
2023-04-29 19:58:36 info: 87103588-830b-4812-9493-870936634c65로 요청 들어옴
2023-04-29 19:58:36 info: Todo get 쿼리 들어옴 ip: ::1
2023-04-29 19:58:37 info: 87103588-830b-4812-9493-870936634c65로 요청 들어옴
2023-04-29 19:58:37 info: Todo get 쿼리 들어옴 ip: ::1
2023-04-29 19:59:21 info: 87103588-830b-4812-9493-870936634c65로 요청 들어옴
2023-04-29 19:59:21 info: Todo get 쿼리 들어옴 ip: ::1
2023-04-29 19:59:22 info: 87103588-830b-4812-9493-870936634c65로 요청 들어옴
2023-04-29 19:59:22 info: Todo get 쿼리 들어옴 ip: ::1
2023-04-29 20:40:44 info: 87103588-830b-4812-9493-870936634c65로 요청 들어옴
2023-04-29 20:40:44 info: Todo get 쿼리 들어옴 ip: ::1
2023-04-29 20:40:44 info: 87103588-830b-4812-9493-870936634c65로 요청 들어옴
2023-04-29 20:40:44 info: Todo get 쿼리 들어옴 ip: ::1
2023-04-29 20:40:45 info: 87103588-830b-4812-9493-870936634c65로 요청 들어옴
2023-04-29 20:40:45 info: Todo get 쿼리 들어옴 ip: ::1
2023-04-29 20:40:47 info: 87103588-830b-4812-9493-870936634c65로 요청 들어옴
2023-04-29 20:40:47 info: Todo get 쿼리 들어옴 ip: ::1
2023-04-29 20:40:47 info: 87103588-830b-4812-9493-870936634c65로 요청 들어옴
2023-04-29 20:40:47 info: Todo get 쿼리 들어옴 ip: ::1
2023-04-29 20:40:48 info: 87103588-830b-4812-9493-870936634c65로 요청 들어옴
2023-04-29 20:40:48 info: Todo get 쿼리 들어옴 ip: ::1
2023-04-29 20:40:50 info: 87103588-830b-4812-9493-870936634c65로 요청 들어옴
2023-04-29 20:40:50 info: Todo get 쿼리 들어옴 ip: ::1
2023-04-29 20:40:50 info: 87103588-830b-4812-9493-870936634c65로 요청 들어옴
2023-04-29 20:40:50 info: Todo get 쿼리 들어옴 ip: ::1
2023-04-29 20:40:51 info: 87103588-830b-4812-9493-870936634c65로 요청 들어옴
2023-04-29 20:40:51 info: Todo get 쿼리 들어옴 ip: ::1
2023-04-29 20:40:52 info: 87103588-830b-4812-9493-870936634c65로 요청 들어옴
2023-04-29 20:40:52 info: todo카드 추가 [object Object]
2023-04-29 20:40:52 info: 87103588-830b-4812-9493-870936634c65로 요청 들어옴
2023-04-29 20:40:52 info: Todo get 쿼리 들어옴 ip: ::1
2023-04-29 20:40:53 info: 87103588-830b-4812-9493-870936634c65로 요청 들어옴
2023-04-29 20:40:53 info: Todo get 쿼리 들어옴 ip: ::1
2023-04-29 20:40:53 info: 87103588-830b-4812-9493-870936634c65로 요청 들어옴
2023-04-29 20:40:53 info: Todo get 쿼리 들어옴 ip: ::1
2023-04-29 21:10:05 info: 87103588-830b-4812-9493-870936634c65로 요청 들어옴
2023-04-29 21:10:36 info: 87103588-830b-4812-9493-870936634c65로 요청 들어옴
2023-04-29 21:11:08 info: 87103588-830b-4812-9493-870936634c65로 요청 들어옴
2023-04-29 21:11:42 info: 87103588-830b-4812-9493-870936634c65로 요청 들어옴
2023-04-29 21:13:36 info: 87103588-830b-4812-9493-870936634c65로 요청 들어옴
2023-04-29 21:13:36 info: /login/logout 패스됨
2023-04-29 21:13:36 info: logout post 쿼리 들어옴 ip: ::1, sessionid: 87103588-830b-4812-9493-870936634c65
2023-04-29 21:14:00 info: 87103588-830b-4812-9493-870936634c65로 요청 들어옴
2023-04-29 21:14:00 info: /login 패스됨
2023-04-29 21:14:00 info: login post 쿼리 들어옴 ip: ::1
2023-04-29 21:14:00 info: id: undefined
2023-04-29 21:14:00 error: 없는 아이디 입니다
2023-04-29 21:15:16 info: 87103588-830b-4812-9493-870936634c65로 요청 들어옴
2023-04-29 21:15:16 info: /login 패스됨
2023-04-29 21:15:16 info: login post 쿼리 들어옴 ip: ::1
2023-04-29 21:15:16 info: id: undefined
2023-04-29 21:15:16 error: 없는 아이디 입니다
2023-04-29 21:15:52 info: 87103588-830b-4812-9493-870936634c65로 요청 들어옴
2023-04-29 21:15:52 info: /login 패스됨
2023-04-29 21:15:52 info: login post 쿼리 들어옴 ip: ::1
2023-04-29 21:15:52 info: id: undefined
2023-04-29 21:15:52 error: 없는 아이디 입니다
2023-04-29 21:16:05 info: 87103588-830b-4812-9493-870936634c65로 요청 들어옴
2023-04-29 21:16:05 info: /login 패스됨
2023-04-29 21:16:05 info: login post 쿼리 들어옴 ip: ::1
2023-04-29 21:16:05 info: id: undefined
2023-04-29 21:16:05 error: 없는 아이디 입니다
2023-04-29 21:16:09 info: 87103588-830b-4812-9493-870936634c65로 요청 들어옴
2023-04-29 21:16:09 info: /login/signup 패스됨
2023-04-29 21:16:09 info: [object Object] 회원가입
2023-04-29 21:16:09 info: 87103588-830b-4812-9493-870936634c65로 요청 들어옴
2023-04-29 21:16:09 info: 세션 아이디 없음으로 403 반환
2023-04-29 21:16:11 info: fa33051f-81a0-43bf-8455-8629fb2de533로 요청 들어옴
2023-04-29 21:16:11 info: Todo get 쿼리 들어옴 ip: ::1
2023-04-29 21:16:11 info: fa33051f-81a0-43bf-8455-8629fb2de533로 요청 들어옴
2023-04-29 21:16:11 info: Todo get 쿼리 들어옴 ip: ::1
2023-04-29 21:16:27 info: fa33051f-81a0-43bf-8455-8629fb2de533로 요청 들어옴
2023-04-29 21:16:27 info: Todo get 쿼리 들어옴 ip: ::1
2023-04-29 21:16:27 info: fa33051f-81a0-43bf-8455-8629fb2de533로 요청 들어옴
2023-04-29 21:16:27 info: Todo get 쿼리 들어옴 ip: ::1
2023-04-29 21:16:31 info: fa33051f-81a0-43bf-8455-8629fb2de533로 요청 들어옴
2023-04-29 21:16:31 info: Todo get 쿼리 들어옴 ip: ::1
2023-04-29 21:16:38 info: fa33051f-81a0-43bf-8455-8629fb2de533로 요청 들어옴
2023-04-29 21:16:38 info: 카드 아이콘 변경 [object Object]
2023-04-29 21:16:38 info: fa33051f-81a0-43bf-8455-8629fb2de533로 요청 들어옴
2023-04-29 21:16:38 info: Todo get 쿼리 들어옴 ip: ::1
2023-04-29 21:17:07 info: fa33051f-81a0-43bf-8455-8629fb2de533로 요청 들어옴
2023-04-29 21:17:07 info: 할일 추가 [object Object]
2023-04-29 21:17:08 info: fa33051f-81a0-43bf-8455-8629fb2de533로 요청 들어옴
2023-04-29 21:17:08 info: Todo get 쿼리 들어옴 ip: ::1
2023-04-29 21:18:40 info: fa33051f-81a0-43bf-8455-8629fb2de533로 요청 들어옴
2023-04-29 21:18:41 info: Todo get 쿼리 들어옴 ip: ::1
2023-04-29 21:19:08 info: fa33051f-81a0-43bf-8455-8629fb2de533로 요청 들어옴
2023-04-29 21:19:08 info: 할일 추가 [object Object]
2023-04-29 21:19:08 info: fa33051f-81a0-43bf-8455-8629fb2de533로 요청 들어옴
2023-04-29 21:19:08 info: Todo get 쿼리 들어옴 ip: ::1
2023-04-29 21:19:13 info: fa33051f-81a0-43bf-8455-8629fb2de533로 요청 들어옴
2023-04-29 21:19:13 info: 할일 체크 [object Object]
2023-04-29 21:19:13 info: fa33051f-81a0-43bf-8455-8629fb2de533로 요청 들어옴
2023-04-29 21:19:13 info: Todo get 쿼리 들어옴 ip: ::1
2023-04-29 21:19:14 info: fa33051f-81a0-43bf-8455-8629fb2de533로 요청 들어옴
2023-04-29 21:19:14 info: 할일 체크 [object Object]
2023-04-29 21:19:14 info: fa33051f-81a0-43bf-8455-8629fb2de533로 요청 들어옴
2023-04-29 21:19:14 info: Todo get 쿼리 들어옴 ip: ::1
2023-04-29 21:19:19 info: fa33051f-81a0-43bf-8455-8629fb2de533로 요청 들어옴
2023-04-29 21:19:19 info: Todo get 쿼리 들어옴 ip: ::1
2023-04-29 21:19:45 info: fa33051f-81a0-43bf-8455-8629fb2de533로 요청 들어옴
2023-04-29 21:19:45 info: todo카드 추가 [object Object]
2023-04-29 21:19:45 info: fa33051f-81a0-43bf-8455-8629fb2de533로 요청 들어옴
2023-04-29 21:19:45 info: Todo get 쿼리 들어옴 ip: ::1
2023-04-29 21:19:45 info: fa33051f-81a0-43bf-8455-8629fb2de533로 요청 들어옴
2023-04-29 21:19:45 info: Todo get 쿼리 들어옴 ip: ::1
2023-04-29 21:20:09 info: fa33051f-81a0-43bf-8455-8629fb2de533로 요청 들어옴
2023-04-29 21:20:09 info: Todo get 쿼리 들어옴 ip: ::1
2023-04-29 21:20:18 info: fa33051f-81a0-43bf-8455-8629fb2de533로 요청 들어옴
2023-04-29 21:20:18 info: Todo get 쿼리 들어옴 ip: ::1
2023-04-29 21:20:43 info: fa33051f-81a0-43bf-8455-8629fb2de533로 요청 들어옴
2023-04-29 21:20:43 info: Todo get 쿼리 들어옴 ip: ::1
2023-04-29 21:20:55 info: fa33051f-81a0-43bf-8455-8629fb2de533로 요청 들어옴
2023-04-29 21:20:55 info: Todo get 쿼리 들어옴 ip: ::1
2023-04-29 21:21:39 info: fa33051f-81a0-43bf-8455-8629fb2de533로 요청 들어옴
2023-04-29 21:21:39 info: Todo get 쿼리 들어옴 ip: ::1
2023-04-29 21:21:40 info: fa33051f-81a0-43bf-8455-8629fb2de533로 요청 들어옴
2023-04-29 21:21:40 info: todo카드 추가 [object Object]
2023-04-29 21:21:40 info: fa33051f-81a0-43bf-8455-8629fb2de533로 요청 들어옴
2023-04-29 21:21:40 info: Todo get 쿼리 들어옴 ip: ::1
2023-04-29 21:21:40 info: fa33051f-81a0-43bf-8455-8629fb2de533로 요청 들어옴
2023-04-29 21:21:40 info: Todo get 쿼리 들어옴 ip: ::1
2023-04-29 21:21:41 info: fa33051f-81a0-43bf-8455-8629fb2de533로 요청 들어옴
2023-04-29 21:21:41 info: Todo get 쿼리 들어옴 ip: ::1
2023-04-29 21:21:42 info: fa33051f-81a0-43bf-8455-8629fb2de533로 요청 들어옴
2023-04-29 21:21:42 info: Todo get 쿼리 들어옴 ip: ::1
2023-04-29 21:21:43 info: fa33051f-81a0-43bf-8455-8629fb2de533로 요청 들어옴
2023-04-29 21:21:43 info: Todo get 쿼리 들어옴 ip: ::1
2023-04-29 21:22:22 info: fa33051f-81a0-43bf-8455-8629fb2de533로 요청 들어옴
2023-04-29 21:22:22 info: Todo get 쿼리 들어옴 ip: ::1
2023-04-29 21:22:23 info: fa33051f-81a0-43bf-8455-8629fb2de533로 요청 들어옴
2023-04-29 21:22:23 info: Todo get 쿼리 들어옴 ip: ::1
2023-04-29 21:22:25 info: fa33051f-81a0-43bf-8455-8629fb2de533로 요청 들어옴
2023-04-29 21:22:25 info: Todo get 쿼리 들어옴 ip: ::1
2023-04-29 21:22:26 info: fa33051f-81a0-43bf-8455-8629fb2de533로 요청 들어옴
2023-04-29 21:22:26 info: Todo get 쿼리 들어옴 ip: ::1
2023-04-29 21:22:29 info: fa33051f-81a0-43bf-8455-8629fb2de533로 요청 들어옴
2023-04-29 21:22:29 info: Todo get 쿼리 들어옴 ip: ::1
2023-04-29 21:24:12 info: fa33051f-81a0-43bf-8455-8629fb2de533로 요청 들어옴
2023-04-29 21:24:12 info: Todo get 쿼리 들어옴 ip: ::1
2023-04-29 21:24:12 info: fa33051f-81a0-43bf-8455-8629fb2de533로 요청 들어옴
2023-04-29 21:24:12 info: Todo get 쿼리 들어옴 ip: ::1
2023-04-29 21:24:14 info: fa33051f-81a0-43bf-8455-8629fb2de533로 요청 들어옴
2023-04-29 21:24:14 info: Todo get 쿼리 들어옴 ip: ::1
2023-04-29 21:28:37 info: fa33051f-81a0-43bf-8455-8629fb2de533로 요청 들어옴
2023-04-29 21:28:37 info: Todo get 쿼리 들어옴 ip: ::1
2023-04-29 21:28:39 info: fa33051f-81a0-43bf-8455-8629fb2de533로 요청 들어옴
2023-04-29 21:28:39 info: Todo get 쿼리 들어옴 ip: ::1
2023-04-29 21:28:42 info: fa33051f-81a0-43bf-8455-8629fb2de533로 요청 들어옴
2023-04-29 21:28:42 info: 할일 체크 [object Object]
2023-04-29 21:28:42 info: fa33051f-81a0-43bf-8455-8629fb2de533로 요청 들어옴
2023-04-29 21:28:42 info: Todo get 쿼리 들어옴 ip: ::1
2023-04-29 21:28:50 info: fa33051f-81a0-43bf-8455-8629fb2de533로 요청 들어옴
2023-04-29 21:28:50 info: 할일 삭제 [object Object]
2023-04-29 21:28:50 info: fa33051f-81a0-43bf-8455-8629fb2de533로 요청 들어옴
2023-04-29 21:28:50 info: Todo get 쿼리 들어옴 ip: ::1
2023-04-29 21:34:35 info: fa33051f-81a0-43bf-8455-8629fb2de533로 요청 들어옴
2023-04-29 21:34:35 info: Todo get 쿼리 들어옴 ip: ::1
2023-04-29 21:34:36 info: fa33051f-81a0-43bf-8455-8629fb2de533로 요청 들어옴
2023-04-29 21:34:36 info: Todo get 쿼리 들어옴 ip: ::1
2023-04-29 21:34:37 info: fa33051f-81a0-43bf-8455-8629fb2de533로 요청 들어옴
2023-04-29 21:34:37 info: Todo get 쿼리 들어옴 ip: ::1
2023-04-29 21:44:00 info: fa33051f-81a0-43bf-8455-8629fb2de533로 요청 들어옴
2023-04-29 21:44:00 info: Todo get 쿼리 들어옴 ip: ::1
2023-04-29 21:44:06 info: fa33051f-81a0-43bf-8455-8629fb2de533로 요청 들어옴
2023-04-29 21:44:46 info: fa33051f-81a0-43bf-8455-8629fb2de533로 요청 들어옴
2023-04-29 21:45:08 info: fa33051f-81a0-43bf-8455-8629fb2de533로 요청 들어옴
2023-04-29 21:45:08 info: Todo get 쿼리 들어옴 ip: ::1
2023-04-29 21:46:38 info: fa33051f-81a0-43bf-8455-8629fb2de533로 요청 들어옴
2023-04-29 21:49:53 info: fa33051f-81a0-43bf-8455-8629fb2de533로 요청 들어옴
2023-04-29 21:50:06 info: fa33051f-81a0-43bf-8455-8629fb2de533로 요청 들어옴
2023-04-29 21:50:18 info: fa33051f-81a0-43bf-8455-8629fb2de533로 요청 들어옴
2023-04-29 21:51:32 info: fa33051f-81a0-43bf-8455-8629fb2de533로 요청 들어옴
2023-04-29 21:52:04 info: fa33051f-81a0-43bf-8455-8629fb2de533로 요청 들어옴
2023-04-29 21:52:25 info: fa33051f-81a0-43bf-8455-8629fb2de533로 요청 들어옴
2023-04-29 21:52:25 info: Todo get 쿼리 들어옴 ip: ::1
2023-04-29 21:52:34 info: fa33051f-81a0-43bf-8455-8629fb2de533로 요청 들어옴
2023-04-29 21:52:34 info: 카드 제목 변경 [object Object]
2023-04-29 21:52:34 info: fa33051f-81a0-43bf-8455-8629fb2de533로 요청 들어옴
2023-04-29 21:52:34 info: Todo get 쿼리 들어옴 ip: ::1
2023-04-29 21:52:45 info: fa33051f-81a0-43bf-8455-8629fb2de533로 요청 들어옴
2023-04-29 21:52:45 info: 할일 추가 [object Object]
2023-04-29 21:52:45 info: fa33051f-81a0-43bf-8455-8629fb2de533로 요청 들어옴
2023-04-29 21:52:45 info: Todo get 쿼리 들어옴 ip: ::1
2023-04-29 21:52:52 info: fa33051f-81a0-43bf-8455-8629fb2de533로 요청 들어옴
2023-04-29 21:52:52 info: 할일 추가 [object Object]
2023-04-29 21:52:52 info: fa33051f-81a0-43bf-8455-8629fb2de533로 요청 들어옴
2023-04-29 21:52:52 info: Todo get 쿼리 들어옴 ip: ::1
2023-04-29 21:52:57 info: fa33051f-81a0-43bf-8455-8629fb2de533로 요청 들어옴
2023-04-29 21:52:57 info: 할일 체크 [object Object]
2023-04-29 21:52:57 info: fa33051f-81a0-43bf-8455-8629fb2de533로 요청 들어옴
2023-04-29 21:52:57 info: Todo get 쿼리 들어옴 ip: ::1
2023-04-29 21:52:59 info: fa33051f-81a0-43bf-8455-8629fb2de533로 요청 들어옴
2023-04-29 21:52:59 info: 할일 삭제 [object Object]
2023-04-29 21:52:59 info: fa33051f-81a0-43bf-8455-8629fb2de533로 요청 들어옴
2023-04-29 21:52:59 info: Todo get 쿼리 들어옴 ip: ::1
2023-04-29 21:53:56 info: fa33051f-81a0-43bf-8455-8629fb2de533로 요청 들어옴
2023-04-29 21:53:56 info: 카드 삭제 [object Object]
2023-04-29 21:54:05 info: fa33051f-81a0-43bf-8455-8629fb2de533로 요청 들어옴
2023-04-29 21:54:05 info: Todo get 쿼리 들어옴 ip: ::1
2023-04-29 21:54:07 info: fa33051f-81a0-43bf-8455-8629fb2de533로 요청 들어옴
2023-04-29 21:54:07 info: Todo get 쿼리 들어옴 ip: ::1
2023-04-29 21:54:08 info: fa33051f-81a0-43bf-8455-8629fb2de533로 요청 들어옴
2023-04-29 21:54:08 info: Todo get 쿼리 들어옴 ip: ::1
2023-04-29 21:54:09 info: fa33051f-81a0-43bf-8455-8629fb2de533로 요청 들어옴
2023-04-29 21:54:09 info: Todo get 쿼리 들어옴 ip: ::1
2023-04-29 21:54:14 info: fa33051f-81a0-43bf-8455-8629fb2de533로 요청 들어옴
2023-04-29 21:54:14 info: Todo get 쿼리 들어옴 ip: ::1
2023-04-29 21:54:39 info: fa33051f-81a0-43bf-8455-8629fb2de533로 요청 들어옴
2023-04-29 21:54:39 info: Todo get 쿼리 들어옴 ip: ::1
2023-04-29 21:54:39 info: fa33051f-81a0-43bf-8455-8629fb2de533로 요청 들어옴
2023-04-29 21:54:39 info: Todo get 쿼리 들어옴 ip: ::1
2023-04-29 21:54:45 info: fa33051f-81a0-43bf-8455-8629fb2de533로 요청 들어옴
2023-04-29 21:54:45 info: Todo get 쿼리 들어옴 ip: ::1
2023-04-29 21:54:45 info: fa33051f-81a0-43bf-8455-8629fb2de533로 요청 들어옴
2023-04-29 21:54:45 info: Todo get 쿼리 들어옴 ip: ::1
2023-04-29 21:54:47 info: fa33051f-81a0-43bf-8455-8629fb2de533로 요청 들어옴
2023-04-29 21:54:47 info: Todo get 쿼리 들어옴 ip: ::1
2023-04-29 21:54:52 info: fa33051f-81a0-43bf-8455-8629fb2de533로 요청 들어옴
2023-04-29 21:54:52 info: 카드 삭제 [object Object]
2023-04-29 21:54:52 info: fa33051f-81a0-43bf-8455-8629fb2de533로 요청 들어옴
2023-04-29 21:54:52 info: Todo get 쿼리 들어옴 ip: ::1
2023-04-29 21:55:36 info: fa33051f-81a0-43bf-8455-8629fb2de533로 요청 들어옴
2023-04-29 21:55:36 info: Todo get 쿼리 들어옴 ip: ::1
2023-04-29 21:55:40 info: fa33051f-81a0-43bf-8455-8629fb2de533로 요청 들어옴
2023-04-29 21:55:40 info: Todo get 쿼리 들어옴 ip: ::1
2023-04-29 21:55:47 info: fa33051f-81a0-43bf-8455-8629fb2de533로 요청 들어옴
2023-04-29 21:55:47 info: 카드 삭제 [object Object]
2023-04-29 21:55:47 info: fa33051f-81a0-43bf-8455-8629fb2de533로 요청 들어옴
2023-04-29 21:55:47 info: Todo get 쿼리 들어옴 ip: ::1
2023-04-29 21:55:51 info: fa33051f-81a0-43bf-8455-8629fb2de533로 요청 들어옴
2023-04-29 21:55:51 info: Todo get 쿼리 들어옴 ip: ::1
2023-04-29 21:55:56 info: fa33051f-81a0-43bf-8455-8629fb2de533로 요청 들어옴
2023-04-29 21:55:56 info: todo카드 추가 [object Object]
2023-04-29 21:55:57 info: fa33051f-81a0-43bf-8455-8629fb2de533로 요청 들어옴
2023-04-29 21:55:57 info: Todo get 쿼리 들어옴 ip: ::1
2023-04-29 21:55:57 info: fa33051f-81a0-43bf-8455-8629fb2de533로 요청 들어옴
2023-04-29 21:55:57 info: Todo get 쿼리 들어옴 ip: ::1
2023-04-29 21:55:59 info: fa33051f-81a0-43bf-8455-8629fb2de533로 요청 들어옴
2023-04-29 21:55:59 info: todo카드 추가 [object Object]
2023-04-29 21:55:59 info: fa33051f-81a0-43bf-8455-8629fb2de533로 요청 들어옴
2023-04-29 21:55:59 info: Todo get 쿼리 들어옴 ip: ::1
2023-04-29 21:55:59 info: fa33051f-81a0-43bf-8455-8629fb2de533로 요청 들어옴
2023-04-29 21:55:59 info: Todo get 쿼리 들어옴 ip: ::1
2023-04-29 21:56:06 info: fa33051f-81a0-43bf-8455-8629fb2de533로 요청 들어옴
2023-04-29 21:56:06 info: 카드 삭제 [object Object]
2023-04-29 21:56:06 info: fa33051f-81a0-43bf-8455-8629fb2de533로 요청 들어옴
2023-04-29 21:56:06 info: Todo get 쿼리 들어옴 ip: ::1
2023-04-29 21:56:38 info: fa33051f-81a0-43bf-8455-8629fb2de533로 요청 들어옴
2023-04-29 21:56:38 info: Todo get 쿼리 들어옴 ip: ::1
2023-04-29 21:56:42 info: fa33051f-81a0-43bf-8455-8629fb2de533로 요청 들어옴
2023-04-29 21:56:42 info: todo카드 추가 [object Object]
2023-04-29 21:56:42 info: fa33051f-81a0-43bf-8455-8629fb2de533로 요청 들어옴
2023-04-29 21:56:42 info: Todo get 쿼리 들어옴 ip: ::1
2023-04-29 21:56:42 info: fa33051f-81a0-43bf-8455-8629fb2de533로 요청 들어옴
2023-04-29 21:56:42 info: Todo get 쿼리 들어옴 ip: ::1
2023-04-29 21:56:43 info: fa33051f-81a0-43bf-8455-8629fb2de533로 요청 들어옴
2023-04-29 21:56:43 info: todo카드 추가 [object Object]
2023-04-29 21:56:43 info: fa33051f-81a0-43bf-8455-8629fb2de533로 요청 들어옴
2023-04-29 21:56:43 info: Todo get 쿼리 들어옴 ip: ::1
2023-04-29 21:56:43 info: fa33051f-81a0-43bf-8455-8629fb2de533로 요청 들어옴
2023-04-29 21:56:43 info: Todo get 쿼리 들어옴 ip: ::1
2023-04-29 21:56:53 info: fa33051f-81a0-43bf-8455-8629fb2de533로 요청 들어옴
2023-04-29 21:56:53 info: 카드 삭제 [object Object]
2023-04-29 21:56:53 info: fa33051f-81a0-43bf-8455-8629fb2de533로 요청 들어옴
2023-04-29 21:56:53 info: Todo get 쿼리 들어옴 ip: ::1
2023-04-29 21:56:55 info: fa33051f-81a0-43bf-8455-8629fb2de533로 요청 들어옴
2023-04-29 21:56:55 info: Todo get 쿼리 들어옴 ip: ::1
2023-04-29 21:56:56 info: fa33051f-81a0-43bf-8455-8629fb2de533로 요청 들어옴
2023-04-29 21:56:56 info: Todo get 쿼리 들어옴 ip: ::1
2023-04-29 21:56:57 info: fa33051f-81a0-43bf-8455-8629fb2de533로 요청 들어옴
2023-04-29 21:56:57 info: Todo get 쿼리 들어옴 ip: ::1
2023-04-29 21:57:09 info: fa33051f-81a0-43bf-8455-8629fb2de533로 요청 들어옴
2023-04-29 21:57:09 info: Todo get 쿼리 들어옴 ip: ::1
2023-04-29 21:57:12 info: fa33051f-81a0-43bf-8455-8629fb2de533로 요청 들어옴
2023-04-29 21:57:12 info: Todo get 쿼리 들어옴 ip: ::1
2023-04-29 21:57:13 info: fa33051f-81a0-43bf-8455-8629fb2de533로 요청 들어옴
2023-04-29 21:57:13 info: Todo get 쿼리 들어옴 ip: ::1
2023-04-29 21:57:14 info: fa33051f-81a0-43bf-8455-8629fb2de533로 요청 들어옴
2023-04-29 21:57:14 info: Todo get 쿼리 들어옴 ip: ::1
2023-04-29 21:57:15 info: fa33051f-81a0-43bf-8455-8629fb2de533로 요청 들어옴
2023-04-29 21:57:15 info: todo카드 추가 [object Object]
2023-04-29 21:57:15 info: fa33051f-81a0-43bf-8455-8629fb2de533로 요청 들어옴
2023-04-29 21:57:15 info: Todo get 쿼리 들어옴 ip: ::1
2023-04-29 21:57:15 info: fa33051f-81a0-43bf-8455-8629fb2de533로 요청 들어옴
2023-04-29 21:57:15 info: Todo get 쿼리 들어옴 ip: ::1
2023-04-29 21:57:20 info: fa33051f-81a0-43bf-8455-8629fb2de533로 요청 들어옴
2023-04-29 21:57:20 info: 카드 삭제 [object Object]
2023-04-29 21:57:20 info: fa33051f-81a0-43bf-8455-8629fb2de533로 요청 들어옴
2023-04-29 21:57:20 info: Todo get 쿼리 들어옴 ip: ::1
2023-04-29 21:57:23 info: fa33051f-81a0-43bf-8455-8629fb2de533로 요청 들어옴
2023-04-29 21:57:23 info: Todo get 쿼리 들어옴 ip: ::1
2023-04-29 21:57:27 info: fa33051f-81a0-43bf-8455-8629fb2de533로 요청 들어옴
2023-04-29 21:57:27 info: 카드 삭제 [object Object]
2023-04-29 21:58:25 info: fa33051f-81a0-43bf-8455-8629fb2de533로 요청 들어옴
2023-04-29 21:58:25 info: Todo get 쿼리 들어옴 ip: ::1
2023-04-29 21:58:28 info: fa33051f-81a0-43bf-8455-8629fb2de533로 요청 들어옴
2023-04-29 21:58:28 info: Todo get 쿼리 들어옴 ip: ::1
2023-04-29 21:58:28 info: fa33051f-81a0-43bf-8455-8629fb2de533로 요청 들어옴
2023-04-29 21:58:28 info: todo카드 추가 [object Object]
2023-04-29 21:58:29 info: fa33051f-81a0-43bf-8455-8629fb2de533로 요청 들어옴
2023-04-29 21:58:29 info: Todo get 쿼리 들어옴 ip: ::1
2023-04-29 21:58:29 info: fa33051f-81a0-43bf-8455-8629fb2de533로 요청 들어옴
2023-04-29 21:58:29 info: Todo get 쿼리 들어옴 ip: ::1
2023-04-29 21:58:33 info: fa33051f-81a0-43bf-8455-8629fb2de533로 요청 들어옴
2023-04-29 21:58:33 info: Todo get 쿼리 들어옴 ip: ::1
2023-04-29 21:58:38 info: fa33051f-81a0-43bf-8455-8629fb2de533로 요청 들어옴
2023-04-29 21:58:38 info: 카드 삭제 [object Object]
2023-04-29 21:58:38 info: fa33051f-81a0-43bf-8455-8629fb2de533로 요청 들어옴
2023-04-29 21:58:38 info: Todo get 쿼리 들어옴 ip: ::1
2023-04-29 21:58:40 info: fa33051f-81a0-43bf-8455-8629fb2de533로 요청 들어옴
2023-04-29 21:58:40 info: Todo get 쿼리 들어옴 ip: ::1
2023-04-29 21:58:43 info: fa33051f-81a0-43bf-8455-8629fb2de533로 요청 들어옴
2023-04-29 21:58:43 info: todo카드 추가 [object Object]
2023-04-29 21:58:43 info: fa33051f-81a0-43bf-8455-8629fb2de533로 요청 들어옴
2023-04-29 21:58:43 info: Todo get 쿼리 들어옴 ip: ::1
2023-04-29 21:58:43 info: fa33051f-81a0-43bf-8455-8629fb2de533로 요청 들어옴
2023-04-29 21:58:43 info: Todo get 쿼리 들어옴 ip: ::1
2023-04-29 21:58:45 info: fa33051f-81a0-43bf-8455-8629fb2de533로 요청 들어옴
2023-04-29 21:58:45 info: todo카드 추가 [object Object]
2023-04-29 21:58:45 info: fa33051f-81a0-43bf-8455-8629fb2de533로 요청 들어옴
2023-04-29 21:58:45 info: Todo get 쿼리 들어옴 ip: ::1
2023-04-29 21:58:45 info: fa33051f-81a0-43bf-8455-8629fb2de533로 요청 들어옴
2023-04-29 21:58:45 info: Todo get 쿼리 들어옴 ip: ::1
2023-04-29 21:58:46 info: fa33051f-81a0-43bf-8455-8629fb2de533로 요청 들어옴
2023-04-29 21:58:46 info: Todo get 쿼리 들어옴 ip: ::1
2023-04-29 21:58:56 info: fa33051f-81a0-43bf-8455-8629fb2de533로 요청 들어옴
2023-04-29 21:58:56 info: 카드 제목 변경 [object Object]
2023-04-29 21:58:56 info: fa33051f-81a0-43bf-8455-8629fb2de533로 요청 들어옴
2023-04-29 21:58:56 info: Todo get 쿼리 들어옴 ip: ::1
2023-04-29 21:59:04 info: fa33051f-81a0-43bf-8455-8629fb2de533로 요청 들어옴
2023-04-29 21:59:04 info: 카드 삭제 [object Object]
2023-04-29 21:59:04 info: fa33051f-81a0-43bf-8455-8629fb2de533로 요청 들어옴
2023-04-29 21:59:04 info: Todo get 쿼리 들어옴 ip: ::1
2023-04-29 22:00:13 info: fa33051f-81a0-43bf-8455-8629fb2de533로 요청 들어옴
2023-04-29 22:00:13 info: Todo get 쿼리 들어옴 ip: ::1
2023-04-29 22:00:14 info: fa33051f-81a0-43bf-8455-8629fb2de533로 요청 들어옴
2023-04-29 22:00:14 info: Todo get 쿼리 들어옴 ip: ::1
2023-04-29 22:00:15 info: fa33051f-81a0-43bf-8455-8629fb2de533로 요청 들어옴
2023-04-29 22:00:15 info: Todo get 쿼리 들어옴 ip: ::1
2023-04-29 22:00:16 info: fa33051f-81a0-43bf-8455-8629fb2de533로 요청 들어옴
2023-04-29 22:00:16 info: Todo get 쿼리 들어옴 ip: ::1
2023-04-29 22:00:16 info: fa33051f-81a0-43bf-8455-8629fb2de533로 요청 들어옴
2023-04-29 22:00:16 info: Todo get 쿼리 들어옴 ip: ::1
2023-04-29 22:00:24 info: fa33051f-81a0-43bf-8455-8629fb2de533로 요청 들어옴
2023-04-29 22:00:24 info: 카드 제목 변경 [object Object]
2023-04-29 22:00:24 info: fa33051f-81a0-43bf-8455-8629fb2de533로 요청 들어옴
2023-04-29 22:00:24 info: Todo get 쿼리 들어옴 ip: ::1
2023-04-29 22:00:31 info: fa33051f-81a0-43bf-8455-8629fb2de533로 요청 들어옴
2023-04-29 22:00:31 info: 카드 삭제 [object Object]
2023-04-29 22:00:31 info: fa33051f-81a0-43bf-8455-8629fb2de533로 요청 들어옴
2023-04-29 22:00:31 info: Todo get 쿼리 들어옴 ip: ::1
2023-04-29 22:00:31 info: fa33051f-81a0-43bf-8455-8629fb2de533로 요청 들어옴
2023-04-29 22:00:31 info: Todo get 쿼리 들어옴 ip: ::1
2023-04-29 22:00:33 info: fa33051f-81a0-43bf-8455-8629fb2de533로 요청 들어옴
2023-04-29 22:00:33 info: Todo get 쿼리 들어옴 ip: ::1
2023-04-29 22:01:32 info: fa33051f-81a0-43bf-8455-8629fb2de533로 요청 들어옴
2023-04-29 22:01:32 info: Todo get 쿼리 들어옴 ip: ::1
2023-04-29 22:01:33 info: fa33051f-81a0-43bf-8455-8629fb2de533로 요청 들어옴
2023-04-29 22:01:33 info: Todo get 쿼리 들어옴 ip: ::1
2023-04-29 22:01:33 info: fa33051f-81a0-43bf-8455-8629fb2de533로 요청 들어옴
2023-04-29 22:01:33 info: Todo get 쿼리 들어옴 ip: ::1
2023-04-29 22:01:33 info: fa33051f-81a0-43bf-8455-8629fb2de533로 요청 들어옴
2023-04-29 22:01:33 info: Todo get 쿼리 들어옴 ip: ::1
2023-04-29 22:01:33 info: fa33051f-81a0-43bf-8455-8629fb2de533로 요청 들어옴
2023-04-29 22:01:33 info: Todo get 쿼리 들어옴 ip: ::1
2023-04-29 22:01:33 info: fa33051f-81a0-43bf-8455-8629fb2de533로 요청 들어옴
2023-04-29 22:01:33 info: Todo get 쿼리 들어옴 ip: ::1
2023-04-29 22:01:33 info: fa33051f-81a0-43bf-8455-8629fb2de533로 요청 들어옴
2023-04-29 22:01:33 info: Todo get 쿼리 들어옴 ip: ::1
2023-04-29 22:01:33 info: fa33051f-81a0-43bf-8455-8629fb2de533로 요청 들어옴
2023-04-29 22:01:33 info: Todo get 쿼리 들어옴 ip: ::1
2023-04-29 22:01:33 info: fa33051f-81a0-43bf-8455-8629fb2de533로 요청 들어옴
2023-04-29 22:01:33 info: Todo get 쿼리 들어옴 ip: ::1
2023-04-29 22:01:34 info: fa33051f-81a0-43bf-8455-8629fb2de533로 요청 들어옴
2023-04-29 22:01:34 info: Todo get 쿼리 들어옴 ip: ::1
2023-04-29 22:01:34 info: fa33051f-81a0-43bf-8455-8629fb2de533로 요청 들어옴
2023-04-29 22:01:34 info: Todo get 쿼리 들어옴 ip: ::1
2023-04-29 22:01:34 info: fa33051f-81a0-43bf-8455-8629fb2de533로 요청 들어옴
2023-04-29 22:01:34 info: Todo get 쿼리 들어옴 ip: ::1
2023-04-29 22:01:34 info: fa33051f-81a0-43bf-8455-8629fb2de533로 요청 들어옴
2023-04-29 22:01:34 info: Todo get 쿼리 들어옴 ip: ::1
2023-04-29 22:01:34 info: fa33051f-81a0-43bf-8455-8629fb2de533로 요청 들어옴
2023-04-29 22:01:34 info: Todo get 쿼리 들어옴 ip: ::1
2023-04-29 22:01:34 info: fa33051f-81a0-43bf-8455-8629fb2de533로 요청 들어옴
2023-04-29 22:01:34 info: Todo get 쿼리 들어옴 ip: ::1
2023-04-29 22:01:34 info: fa33051f-81a0-43bf-8455-8629fb2de533로 요청 들어옴
2023-04-29 22:01:34 info: Todo get 쿼리 들어옴 ip: ::1
2023-04-29 22:01:34 info: fa33051f-81a0-43bf-8455-8629fb2de533로 요청 들어옴
2023-04-29 22:01:34 info: Todo get 쿼리 들어옴 ip: ::1
2023-04-29 22:01:34 info: fa33051f-81a0-43bf-8455-8629fb2de533로 요청 들어옴
2023-04-29 22:01:34 info: Todo get 쿼리 들어옴 ip: ::1
2023-04-29 22:01:34 info: fa33051f-81a0-43bf-8455-8629fb2de533로 요청 들어옴
2023-04-29 22:01:34 info: Todo get 쿼리 들어옴 ip: ::1
2023-04-29 22:01:35 info: fa33051f-81a0-43bf-8455-8629fb2de533로 요청 들어옴
2023-04-29 22:01:35 info: Todo get 쿼리 들어옴 ip: ::1
2023-04-29 22:01:35 info: fa33051f-81a0-43bf-8455-8629fb2de533로 요청 들어옴
2023-04-29 22:01:35 info: Todo get 쿼리 들어옴 ip: ::1
2023-04-29 22:01:35 info: fa33051f-81a0-43bf-8455-8629fb2de533로 요청 들어옴
2023-04-29 22:01:35 info: Todo get 쿼리 들어옴 ip: ::1
2023-04-29 22:01:35 info: fa33051f-81a0-43bf-8455-8629fb2de533로 요청 들어옴
2023-04-29 22:01:35 info: Todo get 쿼리 들어옴 ip: ::1
2023-04-29 22:01:35 info: fa33051f-81a0-43bf-8455-8629fb2de533로 요청 들어옴
2023-04-29 22:01:35 info: Todo get 쿼리 들어옴 ip: ::1
2023-04-29 22:01:35 info: fa33051f-81a0-43bf-8455-8629fb2de533로 요청 들어옴
2023-04-29 22:01:35 info: Todo get 쿼리 들어옴 ip: ::1
2023-04-29 22:01:35 info: fa33051f-81a0-43bf-8455-8629fb2de533로 요청 들어옴
2023-04-29 22:01:35 info: Todo get 쿼리 들어옴 ip: ::1
2023-04-29 22:01:35 info: fa33051f-81a0-43bf-8455-8629fb2de533로 요청 들어옴
2023-04-29 22:01:35 info: Todo get 쿼리 들어옴 ip: ::1
2023-04-29 22:01:35 info: fa33051f-81a0-43bf-8455-8629fb2de533로 요청 들어옴
2023-04-29 22:01:35 info: Todo get 쿼리 들어옴 ip: ::1
2023-04-29 22:01:35 info: fa33051f-81a0-43bf-8455-8629fb2de533로 요청 들어옴
2023-04-29 22:01:35 info: Todo get 쿼리 들어옴 ip: ::1
2023-04-29 22:01:35 info: fa33051f-81a0-43bf-8455-8629fb2de533로 요청 들어옴
2023-04-29 22:01:35 info: Todo get 쿼리 들어옴 ip: ::1
2023-04-29 22:01:35 info: fa33051f-81a0-43bf-8455-8629fb2de533로 요청 들어옴
2023-04-29 22:01:35 info: Todo get 쿼리 들어옴 ip: ::1
2023-04-29 22:01:36 info: fa33051f-81a0-43bf-8455-8629fb2de533로 요청 들어옴
2023-04-29 22:01:36 info: Todo get 쿼리 들어옴 ip: ::1
2023-04-29 22:01:36 info: fa33051f-81a0-43bf-8455-8629fb2de533로 요청 들어옴
2023-04-29 22:01:36 info: Todo get 쿼리 들어옴 ip: ::1
2023-04-29 22:01:36 info: fa33051f-81a0-43bf-8455-8629fb2de533로 요청 들어옴
2023-04-29 22:01:36 info: Todo get 쿼리 들어옴 ip: ::1
2023-04-29 22:01:36 info: fa33051f-81a0-43bf-8455-8629fb2de533로 요청 들어옴
2023-04-29 22:01:36 info: Todo get 쿼리 들어옴 ip: ::1
2023-04-29 22:01:36 info: fa33051f-81a0-43bf-8455-8629fb2de533로 요청 들어옴
2023-04-29 22:01:36 info: Todo get 쿼리 들어옴 ip: ::1
2023-04-29 22:01:36 info: fa33051f-81a0-43bf-8455-8629fb2de533로 요청 들어옴
2023-04-29 22:01:36 info: Todo get 쿼리 들어옴 ip: ::1
2023-04-29 22:01:36 info: fa33051f-81a0-43bf-8455-8629fb2de533로 요청 들어옴
2023-04-29 22:01:36 info: Todo get 쿼리 들어옴 ip: ::1
2023-04-29 22:01:36 info: fa33051f-81a0-43bf-8455-8629fb2de533로 요청 들어옴
2023-04-29 22:01:36 info: Todo get 쿼리 들어옴 ip: ::1
2023-04-29 22:01:36 info: fa33051f-81a0-43bf-8455-8629fb2de533로 요청 들어옴
2023-04-29 22:01:36 info: Todo get 쿼리 들어옴 ip: ::1
2023-04-29 22:01:36 info: fa33051f-81a0-43bf-8455-8629fb2de533로 요청 들어옴
2023-04-29 22:01:36 info: Todo get 쿼리 들어옴 ip: ::1
2023-04-29 22:01:36 info: fa33051f-81a0-43bf-8455-8629fb2de533로 요청 들어옴
2023-04-29 22:01:36 info: Todo get 쿼리 들어옴 ip: ::1
2023-04-29 22:01:37 info: fa33051f-81a0-43bf-8455-8629fb2de533로 요청 들어옴
2023-04-29 22:01:37 info: Todo get 쿼리 들어옴 ip: ::1
2023-04-29 22:01:37 info: fa33051f-81a0-43bf-8455-8629fb2de533로 요청 들어옴
2023-04-29 22:01:37 info: Todo get 쿼리 들어옴 ip: ::1
2023-04-29 22:01:37 info: fa33051f-81a0-43bf-8455-8629fb2de533로 요청 들어옴
2023-04-29 22:01:37 info: Todo get 쿼리 들어옴 ip: ::1
2023-04-29 22:01:37 info: fa33051f-81a0-43bf-8455-8629fb2de533로 요청 들어옴
2023-04-29 22:01:37 info: Todo get 쿼리 들어옴 ip: ::1
2023-04-29 22:01:37 info: fa33051f-81a0-43bf-8455-8629fb2de533로 요청 들어옴
2023-04-29 22:01:37 info: Todo get 쿼리 들어옴 ip: ::1
2023-04-29 22:01:37 info: fa33051f-81a0-43bf-8455-8629fb2de533로 요청 들어옴
2023-04-29 22:01:37 info: Todo get 쿼리 들어옴 ip: ::1
2023-04-29 22:01:37 info: fa33051f-81a0-43bf-8455-8629fb2de533로 요청 들어옴
2023-04-29 22:01:37 info: Todo get 쿼리 들어옴 ip: ::1
2023-04-29 22:01:37 info: fa33051f-81a0-43bf-8455-8629fb2de533로 요청 들어옴
2023-04-29 22:01:37 info: Todo get 쿼리 들어옴 ip: ::1
2023-04-29 22:01:37 info: fa33051f-81a0-43bf-8455-8629fb2de533로 요청 들어옴
2023-04-29 22:01:37 info: Todo get 쿼리 들어옴 ip: ::1
2023-04-29 22:01:37 info: fa33051f-81a0-43bf-8455-8629fb2de533로 요청 들어옴
2023-04-29 22:01:37 info: Todo get 쿼리 들어옴 ip: ::1
2023-04-29 22:01:37 info: fa33051f-81a0-43bf-8455-8629fb2de533로 요청 들어옴
2023-04-29 22:01:37 info: Todo get 쿼리 들어옴 ip: ::1
2023-04-29 22:01:38 info: fa33051f-81a0-43bf-8455-8629fb2de533로 요청 들어옴
2023-04-29 22:01:38 info: Todo get 쿼리 들어옴 ip: ::1
2023-04-29 22:01:38 info: fa33051f-81a0-43bf-8455-8629fb2de533로 요청 들어옴
2023-04-29 22:01:38 info: Todo get 쿼리 들어옴 ip: ::1
2023-04-29 22:01:38 info: fa33051f-81a0-43bf-8455-8629fb2de533로 요청 들어옴
2023-04-29 22:01:38 info: Todo get 쿼리 들어옴 ip: ::1
2023-04-29 22:01:38 info: fa33051f-81a0-43bf-8455-8629fb2de533로 요청 들어옴
2023-04-29 22:01:38 info: Todo get 쿼리 들어옴 ip: ::1
2023-04-29 22:01:38 info: fa33051f-81a0-43bf-8455-8629fb2de533로 요청 들어옴
2023-04-29 22:01:38 info: Todo get 쿼리 들어옴 ip: ::1
2023-04-29 22:01:38 info: fa33051f-81a0-43bf-8455-8629fb2de533로 요청 들어옴
2023-04-29 22:01:38 info: Todo get 쿼리 들어옴 ip: ::1
2023-04-29 22:01:38 info: fa33051f-81a0-43bf-8455-8629fb2de533로 요청 들어옴
2023-04-29 22:01:38 info: Todo get 쿼리 들어옴 ip: ::1
2023-04-29 22:01:38 info: fa33051f-81a0-43bf-8455-8629fb2de533로 요청 들어옴
2023-04-29 22:01:38 info: Todo get 쿼리 들어옴 ip: ::1
2023-04-29 22:01:38 info: fa33051f-81a0-43bf-8455-8629fb2de533로 요청 들어옴
2023-04-29 22:01:38 info: Todo get 쿼리 들어옴 ip: ::1
2023-04-29 22:01:38 info: fa33051f-81a0-43bf-8455-8629fb2de533로 요청 들어옴
2023-04-29 22:01:38 info: Todo get 쿼리 들어옴 ip: ::1
2023-04-29 22:01:38 info: fa33051f-81a0-43bf-8455-8629fb2de533로 요청 들어옴
2023-04-29 22:01:38 info: Todo get 쿼리 들어옴 ip: ::1
2023-04-29 22:01:39 info: fa33051f-81a0-43bf-8455-8629fb2de533로 요청 들어옴
2023-04-29 22:01:39 info: Todo get 쿼리 들어옴 ip: ::1
2023-04-29 22:01:39 info: fa33051f-81a0-43bf-8455-8629fb2de533로 요청 들어옴
2023-04-29 22:01:39 info: Todo get 쿼리 들어옴 ip: ::1
2023-04-29 22:01:39 info: fa33051f-81a0-43bf-8455-8629fb2de533로 요청 들어옴
2023-04-29 22:01:39 info: Todo get 쿼리 들어옴 ip: ::1
2023-04-29 22:01:39 info: fa33051f-81a0-43bf-8455-8629fb2de533로 요청 들어옴
2023-04-29 22:01:39 info: Todo get 쿼리 들어옴 ip: ::1
2023-04-29 22:01:39 info: fa33051f-81a0-43bf-8455-8629fb2de533로 요청 들어옴
2023-04-29 22:01:39 info: Todo get 쿼리 들어옴 ip: ::1
2023-04-29 22:01:39 info: fa33051f-81a0-43bf-8455-8629fb2de533로 요청 들어옴
2023-04-29 22:01:39 info: Todo get 쿼리 들어옴 ip: ::1
2023-04-29 22:01:39 info: fa33051f-81a0-43bf-8455-8629fb2de533로 요청 들어옴
2023-04-29 22:01:39 info: Todo get 쿼리 들어옴 ip: ::1
2023-04-29 22:01:39 info: fa33051f-81a0-43bf-8455-8629fb2de533로 요청 들어옴
2023-04-29 22:01:39 info: Todo get 쿼리 들어옴 ip: ::1
2023-04-29 22:01:39 info: fa33051f-81a0-43bf-8455-8629fb2de533로 요청 들어옴
2023-04-29 22:01:39 info: Todo get 쿼리 들어옴 ip: ::1
2023-04-29 22:01:39 info: fa33051f-81a0-43bf-8455-8629fb2de533로 요청 들어옴
2023-04-29 22:01:39 info: Todo get 쿼리 들어옴 ip: ::1
2023-04-29 22:01:40 info: fa33051f-81a0-43bf-8455-8629fb2de533로 요청 들어옴
2023-04-29 22:01:40 info: Todo get 쿼리 들어옴 ip: ::1
2023-04-29 22:01:40 info: fa33051f-81a0-43bf-8455-8629fb2de533로 요청 들어옴
2023-04-29 22:01:40 info: Todo get 쿼리 들어옴 ip: ::1
2023-04-29 22:01:40 info: fa33051f-81a0-43bf-8455-8629fb2de533로 요청 들어옴
2023-04-29 22:01:40 info: Todo get 쿼리 들어옴 ip: ::1
2023-04-29 22:01:40 info: fa33051f-81a0-43bf-8455-8629fb2de533로 요청 들어옴
2023-04-29 22:01:40 info: Todo get 쿼리 들어옴 ip: ::1
2023-04-29 22:01:40 info: fa33051f-81a0-43bf-8455-8629fb2de533로 요청 들어옴
2023-04-29 22:01:40 info: Todo get 쿼리 들어옴 ip: ::1
2023-04-29 22:01:40 info: fa33051f-81a0-43bf-8455-8629fb2de533로 요청 들어옴
2023-04-29 22:01:40 info: Todo get 쿼리 들어옴 ip: ::1
2023-04-29 22:01:40 info: fa33051f-81a0-43bf-8455-8629fb2de533로 요청 들어옴
2023-04-29 22:01:40 info: Todo get 쿼리 들어옴 ip: ::1
2023-04-29 22:01:40 info: fa33051f-81a0-43bf-8455-8629fb2de533로 요청 들어옴
2023-04-29 22:01:40 info: Todo get 쿼리 들어옴 ip: ::1
2023-04-29 22:01:40 info: fa33051f-81a0-43bf-8455-8629fb2de533로 요청 들어옴
2023-04-29 22:01:40 info: Todo get 쿼리 들어옴 ip: ::1
2023-04-29 22:01:40 info: fa33051f-81a0-43bf-8455-8629fb2de533로 요청 들어옴
2023-04-29 22:01:40 info: Todo get 쿼리 들어옴 ip: ::1
2023-04-29 22:01:40 info: fa33051f-81a0-43bf-8455-8629fb2de533로 요청 들어옴
2023-04-29 22:01:40 info: Todo get 쿼리 들어옴 ip: ::1
2023-04-29 22:01:40 info: fa33051f-81a0-43bf-8455-8629fb2de533로 요청 들어옴
2023-04-29 22:01:40 info: Todo get 쿼리 들어옴 ip: ::1
2023-04-29 22:01:41 info: fa33051f-81a0-43bf-8455-8629fb2de533로 요청 들어옴
2023-04-29 22:01:41 info: Todo get 쿼리 들어옴 ip: ::1
2023-04-29 22:01:41 info: fa33051f-81a0-43bf-8455-8629fb2de533로 요청 들어옴
2023-04-29 22:01:41 info: Todo get 쿼리 들어옴 ip: ::1
2023-04-29 22:01:41 info: fa33051f-81a0-43bf-8455-8629fb2de533로 요청 들어옴
2023-04-29 22:01:41 info: Todo get 쿼리 들어옴 ip: ::1
2023-04-29 22:01:41 info: fa33051f-81a0-43bf-8455-8629fb2de533로 요청 들어옴
2023-04-29 22:01:41 info: Todo get 쿼리 들어옴 ip: ::1
2023-04-29 22:01:41 info: fa33051f-81a0-43bf-8455-8629fb2de533로 요청 들어옴
2023-04-29 22:01:41 info: Todo get 쿼리 들어옴 ip: ::1
2023-04-29 22:01:41 info: fa33051f-81a0-43bf-8455-8629fb2de533로 요청 들어옴
2023-04-29 22:01:41 info: Todo get 쿼리 들어옴 ip: ::1
2023-04-29 22:01:41 info: fa33051f-81a0-43bf-8455-8629fb2de533로 요청 들어옴
2023-04-29 22:01:41 info: Todo get 쿼리 들어옴 ip: ::1
2023-04-29 22:01:41 info: fa33051f-81a0-43bf-8455-8629fb2de533로 요청 들어옴
2023-04-29 22:01:41 info: Todo get 쿼리 들어옴 ip: ::1
2023-04-29 22:01:41 info: fa33051f-81a0-43bf-8455-8629fb2de533로 요청 들어옴
2023-04-29 22:01:41 info: Todo get 쿼리 들어옴 ip: ::1
2023-04-29 22:01:41 info: fa33051f-81a0-43bf-8455-8629fb2de533로 요청 들어옴
2023-04-29 22:01:41 info: Todo get 쿼리 들어옴 ip: ::1
2023-04-29 22:01:41 info: fa33051f-81a0-43bf-8455-8629fb2de533로 요청 들어옴
2023-04-29 22:01:41 info: Todo get 쿼리 들어옴 ip: ::1
2023-04-29 22:01:41 info: fa33051f-81a0-43bf-8455-8629fb2de533로 요청 들어옴
2023-04-29 22:01:41 info: Todo get 쿼리 들어옴 ip: ::1
2023-04-29 22:01:42 info: fa33051f-81a0-43bf-8455-8629fb2de533로 요청 들어옴
2023-04-29 22:01:42 info: Todo get 쿼리 들어옴 ip: ::1
2023-04-29 22:01:42 info: fa33051f-81a0-43bf-8455-8629fb2de533로 요청 들어옴
2023-04-29 22:01:42 info: Todo get 쿼리 들어옴 ip: ::1
2023-04-29 22:01:42 info: fa33051f-81a0-43bf-8455-8629fb2de533로 요청 들어옴
2023-04-29 22:01:42 info: Todo get 쿼리 들어옴 ip: ::1
2023-04-29 22:01:42 info: fa33051f-81a0-43bf-8455-8629fb2de533로 요청 들어옴
2023-04-29 22:01:42 info: Todo get 쿼리 들어옴 ip: ::1
2023-04-29 22:01:42 info: fa33051f-81a0-43bf-8455-8629fb2de533로 요청 들어옴
2023-04-29 22:01:42 info: Todo get 쿼리 들어옴 ip: ::1
2023-04-29 22:01:42 info: fa33051f-81a0-43bf-8455-8629fb2de533로 요청 들어옴
2023-04-29 22:01:42 info: Todo get 쿼리 들어옴 ip: ::1
2023-04-29 22:01:42 info: fa33051f-81a0-43bf-8455-8629fb2de533로 요청 들어옴
2023-04-29 22:01:42 info: Todo get 쿼리 들어옴 ip: ::1
2023-04-29 22:01:42 info: fa33051f-81a0-43bf-8455-8629fb2de533로 요청 들어옴
2023-04-29 22:01:42 info: Todo get 쿼리 들어옴 ip: ::1
2023-04-29 22:01:42 info: fa33051f-81a0-43bf-8455-8629fb2de533로 요청 들어옴
2023-04-29 22:01:42 info: Todo get 쿼리 들어옴 ip: ::1
2023-04-29 22:01:42 info: fa33051f-81a0-43bf-8455-8629fb2de533로 요청 들어옴
2023-04-29 22:01:42 info: Todo get 쿼리 들어옴 ip: ::1
2023-04-29 22:01:42 info: fa33051f-81a0-43bf-8455-8629fb2de533로 요청 들어옴
2023-04-29 22:01:42 info: Todo get 쿼리 들어옴 ip: ::1
2023-04-29 22:01:42 info: fa33051f-81a0-43bf-8455-8629fb2de533로 요청 들어옴
2023-04-29 22:01:42 info: Todo get 쿼리 들어옴 ip: ::1
2023-04-29 22:01:43 info: fa33051f-81a0-43bf-8455-8629fb2de533로 요청 들어옴
2023-04-29 22:01:43 info: Todo get 쿼리 들어옴 ip: ::1
2023-04-29 22:01:43 info: fa33051f-81a0-43bf-8455-8629fb2de533로 요청 들어옴
2023-04-29 22:01:43 info: Todo get 쿼리 들어옴 ip: ::1
2023-04-29 22:01:43 info: fa33051f-81a0-43bf-8455-8629fb2de533로 요청 들어옴
2023-04-29 22:01:43 info: Todo get 쿼리 들어옴 ip: ::1
2023-04-29 22:01:43 info: fa33051f-81a0-43bf-8455-8629fb2de533로 요청 들어옴
2023-04-29 22:01:43 info: Todo get 쿼리 들어옴 ip: ::1
2023-04-29 22:01:43 info: fa33051f-81a0-43bf-8455-8629fb2de533로 요청 들어옴
2023-04-29 22:01:43 info: Todo get 쿼리 들어옴 ip: ::1
2023-04-29 22:01:43 info: fa33051f-81a0-43bf-8455-8629fb2de533로 요청 들어옴
2023-04-29 22:01:43 info: Todo get 쿼리 들어옴 ip: ::1
2023-04-29 22:01:43 info: fa33051f-81a0-43bf-8455-8629fb2de533로 요청 들어옴
2023-04-29 22:01:43 info: Todo get 쿼리 들어옴 ip: ::1
2023-04-29 22:01:43 info: fa33051f-81a0-43bf-8455-8629fb2de533로 요청 들어옴
2023-04-29 22:01:43 info: Todo get 쿼리 들어옴 ip: ::1
2023-04-29 22:01:43 info: fa33051f-81a0-43bf-8455-8629fb2de533로 요청 들어옴
2023-04-29 22:01:43 info: Todo get 쿼리 들어옴 ip: ::1
2023-04-29 22:01:43 info: fa33051f-81a0-43bf-8455-8629fb2de533로 요청 들어옴
2023-04-29 22:01:43 info: Todo get 쿼리 들어옴 ip: ::1
2023-04-29 22:01:43 info: fa33051f-81a0-43bf-8455-8629fb2de533로 요청 들어옴
2023-04-29 22:01:43 info: Todo get 쿼리 들어옴 ip: ::1
2023-04-29 22:01:43 info: fa33051f-81a0-43bf-8455-8629fb2de533로 요청 들어옴
2023-04-29 22:01:43 info: Todo get 쿼리 들어옴 ip: ::1
2023-04-29 22:01:44 info: fa33051f-81a0-43bf-8455-8629fb2de533로 요청 들어옴
2023-04-29 22:01:44 info: Todo get 쿼리 들어옴 ip: ::1
2023-04-29 22:01:44 info: fa33051f-81a0-43bf-8455-8629fb2de533로 요청 들어옴
2023-04-29 22:01:44 info: Todo get 쿼리 들어옴 ip: ::1
2023-04-29 22:01:44 info: fa33051f-81a0-43bf-8455-8629fb2de533로 요청 들어옴
2023-04-29 22:01:44 info: Todo get 쿼리 들어옴 ip: ::1
2023-04-29 22:01:44 info: fa33051f-81a0-43bf-8455-8629fb2de533로 요청 들어옴
2023-04-29 22:01:44 info: Todo get 쿼리 들어옴 ip: ::1
2023-04-29 22:01:44 info: fa33051f-81a0-43bf-8455-8629fb2de533로 요청 들어옴
2023-04-29 22:01:44 info: Todo get 쿼리 들어옴 ip: ::1
2023-04-29 22:01:44 info: fa33051f-81a0-43bf-8455-8629fb2de533로 요청 들어옴
2023-04-29 22:01:44 info: Todo get 쿼리 들어옴 ip: ::1
2023-04-29 22:01:44 info: fa33051f-81a0-43bf-8455-8629fb2de533로 요청 들어옴
2023-04-29 22:01:44 info: Todo get 쿼리 들어옴 ip: ::1
2023-04-29 22:01:44 info: fa33051f-81a0-43bf-8455-8629fb2de533로 요청 들어옴
2023-04-29 22:01:44 info: Todo get 쿼리 들어옴 ip: ::1
2023-04-29 22:01:44 info: fa33051f-81a0-43bf-8455-8629fb2de533로 요청 들어옴
2023-04-29 22:01:44 info: Todo get 쿼리 들어옴 ip: ::1
2023-04-29 22:01:44 info: fa33051f-81a0-43bf-8455-8629fb2de533로 요청 들어옴
2023-04-29 22:01:44 info: Todo get 쿼리 들어옴 ip: ::1
2023-04-29 22:01:44 info: fa33051f-81a0-43bf-8455-8629fb2de533로 요청 들어옴
2023-04-29 22:01:44 info: Todo get 쿼리 들어옴 ip: ::1
2023-04-29 22:01:44 info: fa33051f-81a0-43bf-8455-8629fb2de533로 요청 들어옴
2023-04-29 22:01:44 info: Todo get 쿼리 들어옴 ip: ::1
2023-04-29 22:01:45 info: fa33051f-81a0-43bf-8455-8629fb2de533로 요청 들어옴
2023-04-29 22:01:45 info: Todo get 쿼리 들어옴 ip: ::1
2023-04-29 22:01:45 info: fa33051f-81a0-43bf-8455-8629fb2de533로 요청 들어옴
2023-04-29 22:01:45 info: Todo get 쿼리 들어옴 ip: ::1
2023-04-29 22:01:45 info: fa33051f-81a0-43bf-8455-8629fb2de533로 요청 들어옴
2023-04-29 22:01:45 info: Todo get 쿼리 들어옴 ip: ::1
2023-04-29 22:01:45 info: fa33051f-81a0-43bf-8455-8629fb2de533로 요청 들어옴
2023-04-29 22:01:45 info: Todo get 쿼리 들어옴 ip: ::1
2023-04-29 22:01:45 info: fa33051f-81a0-43bf-8455-8629fb2de533로 요청 들어옴
2023-04-29 22:01:45 info: Todo get 쿼리 들어옴 ip: ::1
2023-04-29 22:01:45 info: fa33051f-81a0-43bf-8455-8629fb2de533로 요청 들어옴
2023-04-29 22:01:45 info: Todo get 쿼리 들어옴 ip: ::1
2023-04-29 22:01:45 info: fa33051f-81a0-43bf-8455-8629fb2de533로 요청 들어옴
2023-04-29 22:01:45 info: Todo get 쿼리 들어옴 ip: ::1
2023-04-29 22:01:45 info: fa33051f-81a0-43bf-8455-8629fb2de533로 요청 들어옴
2023-04-29 22:01:45 info: Todo get 쿼리 들어옴 ip: ::1
2023-04-29 22:01:45 info: fa33051f-81a0-43bf-8455-8629fb2de533로 요청 들어옴
2023-04-29 22:01:45 info: Todo get 쿼리 들어옴 ip: ::1
2023-04-29 22:01:45 info: fa33051f-81a0-43bf-8455-8629fb2de533로 요청 들어옴
2023-04-29 22:01:45 info: Todo get 쿼리 들어옴 ip: ::1
2023-04-29 22:01:45 info: fa33051f-81a0-43bf-8455-8629fb2de533로 요청 들어옴
2023-04-29 22:01:45 info: Todo get 쿼리 들어옴 ip: ::1
2023-04-29 22:01:45 info: fa33051f-81a0-43bf-8455-8629fb2de533로 요청 들어옴
2023-04-29 22:01:45 info: Todo get 쿼리 들어옴 ip: ::1
2023-04-29 22:01:45 info: fa33051f-81a0-43bf-8455-8629fb2de533로 요청 들어옴
2023-04-29 22:01:45 info: Todo get 쿼리 들어옴 ip: ::1
2023-04-29 22:01:46 info: fa33051f-81a0-43bf-8455-8629fb2de533로 요청 들어옴
2023-04-29 22:01:46 info: Todo get 쿼리 들어옴 ip: ::1
2023-04-29 22:01:46 info: fa33051f-81a0-43bf-8455-8629fb2de533로 요청 들어옴
2023-04-29 22:01:46 info: Todo get 쿼리 들어옴 ip: ::1
2023-04-29 22:01:46 info: fa33051f-81a0-43bf-8455-8629fb2de533로 요청 들어옴
2023-04-29 22:01:46 info: Todo get 쿼리 들어옴 ip: ::1
2023-04-29 22:01:46 info: fa33051f-81a0-43bf-8455-8629fb2de533로 요청 들어옴
2023-04-29 22:01:46 info: Todo get 쿼리 들어옴 ip: ::1
2023-04-29 22:01:46 info: fa33051f-81a0-43bf-8455-8629fb2de533로 요청 들어옴
2023-04-29 22:01:46 info: Todo get 쿼리 들어옴 ip: ::1
2023-04-29 22:01:46 info: fa33051f-81a0-43bf-8455-8629fb2de533로 요청 들어옴
2023-04-29 22:01:46 info: Todo get 쿼리 들어옴 ip: ::1
2023-04-29 22:01:46 info: fa33051f-81a0-43bf-8455-8629fb2de533로 요청 들어옴
2023-04-29 22:01:46 info: Todo get 쿼리 들어옴 ip: ::1
2023-04-29 22:01:46 info: fa33051f-81a0-43bf-8455-8629fb2de533로 요청 들어옴
2023-04-29 22:01:46 info: Todo get 쿼리 들어옴 ip: ::1
2023-04-29 22:01:46 info: fa33051f-81a0-43bf-8455-8629fb2de533로 요청 들어옴
2023-04-29 22:01:46 info: Todo get 쿼리 들어옴 ip: ::1
2023-04-29 22:01:46 info: fa33051f-81a0-43bf-8455-8629fb2de533로 요청 들어옴
2023-04-29 22:01:46 info: Todo get 쿼리 들어옴 ip: ::1
2023-04-29 22:01:46 info: fa33051f-81a0-43bf-8455-8629fb2de533로 요청 들어옴
2023-04-29 22:01:46 info: Todo get 쿼리 들어옴 ip: ::1
2023-04-29 22:01:46 info: fa33051f-81a0-43bf-8455-8629fb2de533로 요청 들어옴
2023-04-29 22:01:46 info: Todo get 쿼리 들어옴 ip: ::1
2023-04-29 22:01:46 info: fa33051f-81a0-43bf-8455-8629fb2de533로 요청 들어옴
2023-04-29 22:01:46 info: Todo get 쿼리 들어옴 ip: ::1
2023-04-29 22:01:47 info: fa33051f-81a0-43bf-8455-8629fb2de533로 요청 들어옴
2023-04-29 22:01:47 info: Todo get 쿼리 들어옴 ip: ::1
2023-04-29 22:01:47 info: fa33051f-81a0-43bf-8455-8629fb2de533로 요청 들어옴
2023-04-29 22:01:47 info: Todo get 쿼리 들어옴 ip: ::1
2023-04-29 22:01:47 info: fa33051f-81a0-43bf-8455-8629fb2de533로 요청 들어옴
2023-04-29 22:01:47 info: Todo get 쿼리 들어옴 ip: ::1
2023-04-29 22:01:47 info: fa33051f-81a0-43bf-8455-8629fb2de533로 요청 들어옴
2023-04-29 22:01:47 info: Todo get 쿼리 들어옴 ip: ::1
2023-04-29 22:01:47 info: fa33051f-81a0-43bf-8455-8629fb2de533로 요청 들어옴
2023-04-29 22:01:47 info: Todo get 쿼리 들어옴 ip: ::1
2023-04-29 22:01:47 info: fa33051f-81a0-43bf-8455-8629fb2de533로 요청 들어옴
2023-04-29 22:01:47 info: Todo get 쿼리 들어옴 ip: ::1
2023-04-29 22:01:47 info: fa33051f-81a0-43bf-8455-8629fb2de533로 요청 들어옴
2023-04-29 22:01:47 info: Todo get 쿼리 들어옴 ip: ::1
2023-04-29 22:01:47 info: fa33051f-81a0-43bf-8455-8629fb2de533로 요청 들어옴
2023-04-29 22:01:47 info: Todo get 쿼리 들어옴 ip: ::1
2023-04-29 22:01:47 info: fa33051f-81a0-43bf-8455-8629fb2de533로 요청 들어옴
2023-04-29 22:01:47 info: Todo get 쿼리 들어옴 ip: ::1
2023-04-29 22:01:47 info: fa33051f-81a0-43bf-8455-8629fb2de533로 요청 들어옴
2023-04-29 22:01:47 info: Todo get 쿼리 들어옴 ip: ::1
2023-04-29 22:01:47 info: fa33051f-81a0-43bf-8455-8629fb2de533로 요청 들어옴
2023-04-29 22:01:47 info: Todo get 쿼리 들어옴 ip: ::1
2023-04-29 22:01:47 info: fa33051f-81a0-43bf-8455-8629fb2de533로 요청 들어옴
2023-04-29 22:01:47 info: Todo get 쿼리 들어옴 ip: ::1
2023-04-29 22:01:47 info: fa33051f-81a0-43bf-8455-8629fb2de533로 요청 들어옴
2023-04-29 22:01:47 info: Todo get 쿼리 들어옴 ip: ::1
2023-04-29 22:01:48 info: fa33051f-81a0-43bf-8455-8629fb2de533로 요청 들어옴
2023-04-29 22:01:48 info: Todo get 쿼리 들어옴 ip: ::1
2023-04-29 22:01:48 info: fa33051f-81a0-43bf-8455-8629fb2de533로 요청 들어옴
2023-04-29 22:01:48 info: Todo get 쿼리 들어옴 ip: ::1
2023-04-29 22:01:48 info: fa33051f-81a0-43bf-8455-8629fb2de533로 요청 들어옴
2023-04-29 22:01:48 info: Todo get 쿼리 들어옴 ip: ::1
2023-04-29 22:01:48 info: fa33051f-81a0-43bf-8455-8629fb2de533로 요청 들어옴
2023-04-29 22:01:48 info: Todo get 쿼리 들어옴 ip: ::1
2023-04-29 22:01:48 info: fa33051f-81a0-43bf-8455-8629fb2de533로 요청 들어옴
2023-04-29 22:01:48 info: Todo get 쿼리 들어옴 ip: ::1
2023-04-29 22:01:48 info: fa33051f-81a0-43bf-8455-8629fb2de533로 요청 들어옴
2023-04-29 22:01:48 info: Todo get 쿼리 들어옴 ip: ::1
2023-04-29 22:01:48 info: fa33051f-81a0-43bf-8455-8629fb2de533로 요청 들어옴
2023-04-29 22:01:48 info: Todo get 쿼리 들어옴 ip: ::1
2023-04-29 22:01:48 info: fa33051f-81a0-43bf-8455-8629fb2de533로 요청 들어옴
2023-04-29 22:01:48 info: Todo get 쿼리 들어옴 ip: ::1
2023-04-29 22:01:48 info: fa33051f-81a0-43bf-8455-8629fb2de533로 요청 들어옴
2023-04-29 22:01:48 info: Todo get 쿼리 들어옴 ip: ::1
2023-04-29 22:01:48 info: fa33051f-81a0-43bf-8455-8629fb2de533로 요청 들어옴
2023-04-29 22:01:48 info: Todo get 쿼리 들어옴 ip: ::1
2023-04-29 22:01:48 info: fa33051f-81a0-43bf-8455-8629fb2de533로 요청 들어옴
2023-04-29 22:01:48 info: Todo get 쿼리 들어옴 ip: ::1
2023-04-29 22:01:48 info: fa33051f-81a0-43bf-8455-8629fb2de533로 요청 들어옴
2023-04-29 22:01:48 info: Todo get 쿼리 들어옴 ip: ::1
2023-04-29 22:01:49 info: fa33051f-81a0-43bf-8455-8629fb2de533로 요청 들어옴
2023-04-29 22:01:49 info: Todo get 쿼리 들어옴 ip: ::1
2023-04-29 22:01:49 info: fa33051f-81a0-43bf-8455-8629fb2de533로 요청 들어옴
2023-04-29 22:01:49 info: Todo get 쿼리 들어옴 ip: ::1
2023-04-29 22:01:49 info: fa33051f-81a0-43bf-8455-8629fb2de533로 요청 들어옴
2023-04-29 22:01:49 info: Todo get 쿼리 들어옴 ip: ::1
2023-04-29 22:01:49 info: fa33051f-81a0-43bf-8455-8629fb2de533로 요청 들어옴
2023-04-29 22:01:49 info: Todo get 쿼리 들어옴 ip: ::1
2023-04-29 22:01:49 info: fa33051f-81a0-43bf-8455-8629fb2de533로 요청 들어옴
2023-04-29 22:01:49 info: Todo get 쿼리 들어옴 ip: ::1
2023-04-29 22:01:49 info: fa33051f-81a0-43bf-8455-8629fb2de533로 요청 들어옴
2023-04-29 22:01:49 info: Todo get 쿼리 들어옴 ip: ::1
2023-04-29 22:01:49 info: fa33051f-81a0-43bf-8455-8629fb2de533로 요청 들어옴
2023-04-29 22:01:49 info: Todo get 쿼리 들어옴 ip: ::1
2023-04-29 22:01:49 info: fa33051f-81a0-43bf-8455-8629fb2de533로 요청 들어옴
2023-04-29 22:01:49 info: Todo get 쿼리 들어옴 ip: ::1
2023-04-29 22:01:49 info: fa33051f-81a0-43bf-8455-8629fb2de533로 요청 들어옴
2023-04-29 22:01:49 info: Todo get 쿼리 들어옴 ip: ::1
2023-04-29 22:01:49 info: fa33051f-81a0-43bf-8455-8629fb2de533로 요청 들어옴
2023-04-29 22:01:49 info: Todo get 쿼리 들어옴 ip: ::1
2023-04-29 22:01:49 info: fa33051f-81a0-43bf-8455-8629fb2de533로 요청 들어옴
2023-04-29 22:01:49 info: Todo get 쿼리 들어옴 ip: ::1
2023-04-29 22:01:49 info: fa33051f-81a0-43bf-8455-8629fb2de533로 요청 들어옴
2023-04-29 22:01:49 info: Todo get 쿼리 들어옴 ip: ::1
2023-04-29 22:01:50 info: fa33051f-81a0-43bf-8455-8629fb2de533로 요청 들어옴
2023-04-29 22:01:50 info: Todo get 쿼리 들어옴 ip: ::1
2023-04-29 22:01:50 info: fa33051f-81a0-43bf-8455-8629fb2de533로 요청 들어옴
2023-04-29 22:01:50 info: Todo get 쿼리 들어옴 ip: ::1
2023-04-29 22:01:50 info: fa33051f-81a0-43bf-8455-8629fb2de533로 요청 들어옴
2023-04-29 22:01:50 info: Todo get 쿼리 들어옴 ip: ::1
2023-04-29 22:01:50 info: fa33051f-81a0-43bf-8455-8629fb2de533로 요청 들어옴
2023-04-29 22:01:50 info: Todo get 쿼리 들어옴 ip: ::1
2023-04-29 22:01:50 info: fa33051f-81a0-43bf-8455-8629fb2de533로 요청 들어옴
2023-04-29 22:01:50 info: Todo get 쿼리 들어옴 ip: ::1
2023-04-29 22:01:50 info: fa33051f-81a0-43bf-8455-8629fb2de533로 요청 들어옴
2023-04-29 22:01:50 info: Todo get 쿼리 들어옴 ip: ::1
2023-04-29 22:01:50 info: fa33051f-81a0-43bf-8455-8629fb2de533로 요청 들어옴
2023-04-29 22:01:50 info: Todo get 쿼리 들어옴 ip: ::1
2023-04-29 22:01:50 info: fa33051f-81a0-43bf-8455-8629fb2de533로 요청 들어옴
2023-04-29 22:01:50 info: Todo get 쿼리 들어옴 ip: ::1
2023-04-29 22:01:50 info: fa33051f-81a0-43bf-8455-8629fb2de533로 요청 들어옴
2023-04-29 22:01:50 info: Todo get 쿼리 들어옴 ip: ::1
2023-04-29 22:01:50 info: fa33051f-81a0-43bf-8455-8629fb2de533로 요청 들어옴
2023-04-29 22:01:50 info: Todo get 쿼리 들어옴 ip: ::1
2023-04-29 22:01:50 info: fa33051f-81a0-43bf-8455-8629fb2de533로 요청 들어옴
2023-04-29 22:01:50 info: Todo get 쿼리 들어옴 ip: ::1
2023-04-29 22:01:50 info: fa33051f-81a0-43bf-8455-8629fb2de533로 요청 들어옴
2023-04-29 22:01:50 info: Todo get 쿼리 들어옴 ip: ::1
2023-04-29 22:01:51 info: fa33051f-81a0-43bf-8455-8629fb2de533로 요청 들어옴
2023-04-29 22:01:51 info: Todo get 쿼리 들어옴 ip: ::1
2023-04-29 22:01:51 info: fa33051f-81a0-43bf-8455-8629fb2de533로 요청 들어옴
2023-04-29 22:01:51 info: Todo get 쿼리 들어옴 ip: ::1
2023-04-29 22:01:51 info: fa33051f-81a0-43bf-8455-8629fb2de533로 요청 들어옴
2023-04-29 22:01:51 info: Todo get 쿼리 들어옴 ip: ::1
2023-04-29 22:01:51 info: fa33051f-81a0-43bf-8455-8629fb2de533로 요청 들어옴
2023-04-29 22:01:51 info: Todo get 쿼리 들어옴 ip: ::1
2023-04-29 22:01:51 info: fa33051f-81a0-43bf-8455-8629fb2de533로 요청 들어옴
2023-04-29 22:01:51 info: Todo get 쿼리 들어옴 ip: ::1
2023-04-29 22:01:51 info: fa33051f-81a0-43bf-8455-8629fb2de533로 요청 들어옴
2023-04-29 22:01:51 info: Todo get 쿼리 들어옴 ip: ::1
2023-04-29 22:01:51 info: fa33051f-81a0-43bf-8455-8629fb2de533로 요청 들어옴
2023-04-29 22:01:51 info: Todo get 쿼리 들어옴 ip: ::1
2023-04-29 22:01:51 info: fa33051f-81a0-43bf-8455-8629fb2de533로 요청 들어옴
2023-04-29 22:01:51 info: Todo get 쿼리 들어옴 ip: ::1
2023-04-29 22:01:51 info: fa33051f-81a0-43bf-8455-8629fb2de533로 요청 들어옴
2023-04-29 22:01:51 info: Todo get 쿼리 들어옴 ip: ::1
2023-04-29 22:01:51 info: fa33051f-81a0-43bf-8455-8629fb2de533로 요청 들어옴
2023-04-29 22:01:51 info: Todo get 쿼리 들어옴 ip: ::1
2023-04-29 22:01:51 info: fa33051f-81a0-43bf-8455-8629fb2de533로 요청 들어옴
2023-04-29 22:01:51 info: Todo get 쿼리 들어옴 ip: ::1
2023-04-29 22:01:52 info: fa33051f-81a0-43bf-8455-8629fb2de533로 요청 들어옴
2023-04-29 22:01:52 info: Todo get 쿼리 들어옴 ip: ::1
2023-04-29 22:01:52 info: fa33051f-81a0-43bf-8455-8629fb2de533로 요청 들어옴
2023-04-29 22:01:52 info: Todo get 쿼리 들어옴 ip: ::1
2023-04-29 22:01:52 info: fa33051f-81a0-43bf-8455-8629fb2de533로 요청 들어옴
2023-04-29 22:01:52 info: Todo get 쿼리 들어옴 ip: ::1
2023-04-29 22:01:52 info: fa33051f-81a0-43bf-8455-8629fb2de533로 요청 들어옴
2023-04-29 22:01:52 info: Todo get 쿼리 들어옴 ip: ::1
2023-04-29 22:01:52 info: fa33051f-81a0-43bf-8455-8629fb2de533로 요청 들어옴
2023-04-29 22:01:52 info: Todo get 쿼리 들어옴 ip: ::1
2023-04-29 22:01:52 info: fa33051f-81a0-43bf-8455-8629fb2de533로 요청 들어옴
2023-04-29 22:01:52 info: Todo get 쿼리 들어옴 ip: ::1
2023-04-29 22:01:52 info: fa33051f-81a0-43bf-8455-8629fb2de533로 요청 들어옴
2023-04-29 22:01:52 info: Todo get 쿼리 들어옴 ip: ::1
2023-04-29 22:01:52 info: fa33051f-81a0-43bf-8455-8629fb2de533로 요청 들어옴
2023-04-29 22:01:52 info: Todo get 쿼리 들어옴 ip: ::1
2023-04-29 22:01:53 info: fa33051f-81a0-43bf-8455-8629fb2de533로 요청 들어옴
2023-04-29 22:01:53 info: Todo get 쿼리 들어옴 ip: ::1
2023-04-29 22:01:53 info: fa33051f-81a0-43bf-8455-8629fb2de533로 요청 들어옴
2023-04-29 22:01:53 info: Todo get 쿼리 들어옴 ip: ::1
2023-04-29 22:01:53 info: fa33051f-81a0-43bf-8455-8629fb2de533로 요청 들어옴
2023-04-29 22:01:53 info: Todo get 쿼리 들어옴 ip: ::1
2023-04-29 22:01:53 info: fa33051f-81a0-43bf-8455-8629fb2de533로 요청 들어옴
2023-04-29 22:01:53 info: Todo get 쿼리 들어옴 ip: ::1
2023-04-29 22:01:53 info: fa33051f-81a0-43bf-8455-8629fb2de533로 요청 들어옴
2023-04-29 22:01:53 info: Todo get 쿼리 들어옴 ip: ::1
2023-04-29 22:01:53 info: fa33051f-81a0-43bf-8455-8629fb2de533로 요청 들어옴
2023-04-29 22:01:53 info: Todo get 쿼리 들어옴 ip: ::1
2023-04-29 22:01:53 info: fa33051f-81a0-43bf-8455-8629fb2de533로 요청 들어옴
2023-04-29 22:01:53 info: Todo get 쿼리 들어옴 ip: ::1
2023-04-29 22:01:53 info: fa33051f-81a0-43bf-8455-8629fb2de533로 요청 들어옴
2023-04-29 22:01:53 info: Todo get 쿼리 들어옴 ip: ::1
2023-04-29 22:01:53 info: fa33051f-81a0-43bf-8455-8629fb2de533로 요청 들어옴
2023-04-29 22:01:53 info: Todo get 쿼리 들어옴 ip: ::1
2023-04-29 22:01:53 info: fa33051f-81a0-43bf-8455-8629fb2de533로 요청 들어옴
2023-04-29 22:01:53 info: Todo get 쿼리 들어옴 ip: ::1
2023-04-29 22:01:53 info: fa33051f-81a0-43bf-8455-8629fb2de533로 요청 들어옴
2023-04-29 22:01:53 info: Todo get 쿼리 들어옴 ip: ::1
2023-04-29 22:01:53 info: fa33051f-81a0-43bf-8455-8629fb2de533로 요청 들어옴
2023-04-29 22:01:53 info: Todo get 쿼리 들어옴 ip: ::1
2023-04-29 22:01:54 info: fa33051f-81a0-43bf-8455-8629fb2de533로 요청 들어옴
2023-04-29 22:01:54 info: Todo get 쿼리 들어옴 ip: ::1
2023-04-29 22:01:54 info: fa33051f-81a0-43bf-8455-8629fb2de533로 요청 들어옴
2023-04-29 22:01:54 info: Todo get 쿼리 들어옴 ip: ::1
2023-04-29 22:01:54 info: fa33051f-81a0-43bf-8455-8629fb2de533로 요청 들어옴
2023-04-29 22:01:54 info: Todo get 쿼리 들어옴 ip: ::1
2023-04-29 22:01:54 info: fa33051f-81a0-43bf-8455-8629fb2de533로 요청 들어옴
2023-04-29 22:01:54 info: Todo get 쿼리 들어옴 ip: ::1
2023-04-29 22:01:54 info: fa33051f-81a0-43bf-8455-8629fb2de533로 요청 들어옴
2023-04-29 22:01:54 info: Todo get 쿼리 들어옴 ip: ::1
2023-04-29 22:01:54 info: fa33051f-81a0-43bf-8455-8629fb2de533로 요청 들어옴
2023-04-29 22:01:54 info: Todo get 쿼리 들어옴 ip: ::1
2023-04-29 22:01:54 info: fa33051f-81a0-43bf-8455-8629fb2de533로 요청 들어옴
2023-04-29 22:01:54 info: Todo get 쿼리 들어옴 ip: ::1
2023-04-29 22:01:54 info: fa33051f-81a0-43bf-8455-8629fb2de533로 요청 들어옴
2023-04-29 22:01:54 info: Todo get 쿼리 들어옴 ip: ::1
2023-04-29 22:01:54 info: fa33051f-81a0-43bf-8455-8629fb2de533로 요청 들어옴
2023-04-29 22:01:54 info: Todo get 쿼리 들어옴 ip: ::1
2023-04-29 22:01:54 info: fa33051f-81a0-43bf-8455-8629fb2de533로 요청 들어옴
2023-04-29 22:01:54 info: Todo get 쿼리 들어옴 ip: ::1
2023-04-29 22:01:54 info: fa33051f-81a0-43bf-8455-8629fb2de533로 요청 들어옴
2023-04-29 22:01:54 info: Todo get 쿼리 들어옴 ip: ::1
2023-04-29 22:01:54 info: fa33051f-81a0-43bf-8455-8629fb2de533로 요청 들어옴
2023-04-29 22:01:54 info: Todo get 쿼리 들어옴 ip: ::1
2023-04-29 22:01:54 info: fa33051f-81a0-43bf-8455-8629fb2de533로 요청 들어옴
2023-04-29 22:01:54 info: Todo get 쿼리 들어옴 ip: ::1
2023-04-29 22:01:55 info: fa33051f-81a0-43bf-8455-8629fb2de533로 요청 들어옴
2023-04-29 22:01:55 info: Todo get 쿼리 들어옴 ip: ::1
2023-04-29 22:01:55 info: fa33051f-81a0-43bf-8455-8629fb2de533로 요청 들어옴
2023-04-29 22:01:55 info: Todo get 쿼리 들어옴 ip: ::1
2023-04-29 22:01:55 info: fa33051f-81a0-43bf-8455-8629fb2de533로 요청 들어옴
2023-04-29 22:01:55 info: Todo get 쿼리 들어옴 ip: ::1
2023-04-29 22:01:55 info: fa33051f-81a0-43bf-8455-8629fb2de533로 요청 들어옴
2023-04-29 22:01:55 info: Todo get 쿼리 들어옴 ip: ::1
2023-04-29 22:01:55 info: fa33051f-81a0-43bf-8455-8629fb2de533로 요청 들어옴
2023-04-29 22:01:55 info: Todo get 쿼리 들어옴 ip: ::1
2023-04-29 22:01:55 info: fa33051f-81a0-43bf-8455-8629fb2de533로 요청 들어옴
2023-04-29 22:01:55 info: Todo get 쿼리 들어옴 ip: ::1
2023-04-29 22:01:55 info: fa33051f-81a0-43bf-8455-8629fb2de533로 요청 들어옴
2023-04-29 22:01:55 info: Todo get 쿼리 들어옴 ip: ::1
2023-04-29 22:01:55 info: fa33051f-81a0-43bf-8455-8629fb2de533로 요청 들어옴
2023-04-29 22:01:55 info: Todo get 쿼리 들어옴 ip: ::1
2023-04-29 22:01:55 info: fa33051f-81a0-43bf-8455-8629fb2de533로 요청 들어옴
2023-04-29 22:01:55 info: Todo get 쿼리 들어옴 ip: ::1
2023-04-29 22:01:55 info: fa33051f-81a0-43bf-8455-8629fb2de533로 요청 들어옴
2023-04-29 22:01:55 info: Todo get 쿼리 들어옴 ip: ::1
2023-04-29 22:01:55 info: fa33051f-81a0-43bf-8455-8629fb2de533로 요청 들어옴
2023-04-29 22:01:55 info: Todo get 쿼리 들어옴 ip: ::1
2023-04-29 22:01:55 info: fa33051f-81a0-43bf-8455-8629fb2de533로 요청 들어옴
2023-04-29 22:01:55 info: Todo get 쿼리 들어옴 ip: ::1
2023-04-29 22:01:55 info: fa33051f-81a0-43bf-8455-8629fb2de533로 요청 들어옴
2023-04-29 22:01:55 info: Todo get 쿼리 들어옴 ip: ::1
2023-04-29 22:01:56 info: fa33051f-81a0-43bf-8455-8629fb2de533로 요청 들어옴
2023-04-29 22:01:56 info: Todo get 쿼리 들어옴 ip: ::1
2023-04-29 22:01:56 info: fa33051f-81a0-43bf-8455-8629fb2de533로 요청 들어옴
2023-04-29 22:01:56 info: Todo get 쿼리 들어옴 ip: ::1
2023-04-29 22:01:56 info: fa33051f-81a0-43bf-8455-8629fb2de533로 요청 들어옴
2023-04-29 22:01:56 info: Todo get 쿼리 들어옴 ip: ::1
2023-04-29 22:01:56 info: fa33051f-81a0-43bf-8455-8629fb2de533로 요청 들어옴
2023-04-29 22:01:56 info: Todo get 쿼리 들어옴 ip: ::1
2023-04-29 22:01:56 info: fa33051f-81a0-43bf-8455-8629fb2de533로 요청 들어옴
2023-04-29 22:01:56 info: Todo get 쿼리 들어옴 ip: ::1
2023-04-29 22:01:56 info: fa33051f-81a0-43bf-8455-8629fb2de533로 요청 들어옴
2023-04-29 22:01:56 info: Todo get 쿼리 들어옴 ip: ::1
2023-04-29 22:01:56 info: fa33051f-81a0-43bf-8455-8629fb2de533로 요청 들어옴
2023-04-29 22:01:56 info: Todo get 쿼리 들어옴 ip: ::1
2023-04-29 22:01:56 info: fa33051f-81a0-43bf-8455-8629fb2de533로 요청 들어옴
2023-04-29 22:01:56 info: Todo get 쿼리 들어옴 ip: ::1
2023-04-29 22:01:56 info: fa33051f-81a0-43bf-8455-8629fb2de533로 요청 들어옴
2023-04-29 22:01:56 info: Todo get 쿼리 들어옴 ip: ::1
2023-04-29 22:01:56 info: fa33051f-81a0-43bf-8455-8629fb2de533로 요청 들어옴
2023-04-29 22:01:56 info: Todo get 쿼리 들어옴 ip: ::1
2023-04-29 22:01:57 info: fa33051f-81a0-43bf-8455-8629fb2de533로 요청 들어옴
2023-04-29 22:01:57 info: Todo get 쿼리 들어옴 ip: ::1
2023-04-29 22:01:57 info: fa33051f-81a0-43bf-8455-8629fb2de533로 요청 들어옴
2023-04-29 22:01:57 info: Todo get 쿼리 들어옴 ip: ::1
2023-04-29 22:01:57 info: fa33051f-81a0-43bf-8455-8629fb2de533로 요청 들어옴
2023-04-29 22:01:57 info: Todo get 쿼리 들어옴 ip: ::1
2023-04-29 22:01:57 info: fa33051f-81a0-43bf-8455-8629fb2de533로 요청 들어옴
2023-04-29 22:01:57 info: Todo get 쿼리 들어옴 ip: ::1
2023-04-29 22:01:57 info: fa33051f-81a0-43bf-8455-8629fb2de533로 요청 들어옴
2023-04-29 22:01:57 info: Todo get 쿼리 들어옴 ip: ::1
2023-04-29 22:01:57 info: fa33051f-81a0-43bf-8455-8629fb2de533로 요청 들어옴
2023-04-29 22:01:57 info: Todo get 쿼리 들어옴 ip: ::1
2023-04-29 22:01:57 info: fa33051f-81a0-43bf-8455-8629fb2de533로 요청 들어옴
2023-04-29 22:01:57 info: Todo get 쿼리 들어옴 ip: ::1
2023-04-29 22:01:57 info: fa33051f-81a0-43bf-8455-8629fb2de533로 요청 들어옴
2023-04-29 22:01:57 info: Todo get 쿼리 들어옴 ip: ::1
2023-04-29 22:01:57 info: fa33051f-81a0-43bf-8455-8629fb2de533로 요청 들어옴
2023-04-29 22:01:57 info: Todo get 쿼리 들어옴 ip: ::1
2023-04-29 22:01:57 info: fa33051f-81a0-43bf-8455-8629fb2de533로 요청 들어옴
2023-04-29 22:01:57 info: Todo get 쿼리 들어옴 ip: ::1
2023-04-29 22:01:57 info: fa33051f-81a0-43bf-8455-8629fb2de533로 요청 들어옴
2023-04-29 22:01:57 info: Todo get 쿼리 들어옴 ip: ::1
2023-04-29 22:01:57 info: fa33051f-81a0-43bf-8455-8629fb2de533로 요청 들어옴
2023-04-29 22:01:57 info: Todo get 쿼리 들어옴 ip: ::1
2023-04-29 22:01:57 info: fa33051f-81a0-43bf-8455-8629fb2de533로 요청 들어옴
2023-04-29 22:01:57 info: Todo get 쿼리 들어옴 ip: ::1
2023-04-29 22:01:58 info: fa33051f-81a0-43bf-8455-8629fb2de533로 요청 들어옴
2023-04-29 22:01:58 info: Todo get 쿼리 들어옴 ip: ::1
2023-04-29 22:01:58 info: fa33051f-81a0-43bf-8455-8629fb2de533로 요청 들어옴
2023-04-29 22:01:58 info: Todo get 쿼리 들어옴 ip: ::1
2023-04-29 22:01:58 info: fa33051f-81a0-43bf-8455-8629fb2de533로 요청 들어옴
2023-04-29 22:01:58 info: Todo get 쿼리 들어옴 ip: ::1
2023-04-29 22:01:58 info: fa33051f-81a0-43bf-8455-8629fb2de533로 요청 들어옴
2023-04-29 22:01:58 info: Todo get 쿼리 들어옴 ip: ::1
2023-04-29 22:01:58 info: fa33051f-81a0-43bf-8455-8629fb2de533로 요청 들어옴
2023-04-29 22:01:58 info: Todo get 쿼리 들어옴 ip: ::1
2023-04-29 22:01:58 info: fa33051f-81a0-43bf-8455-8629fb2de533로 요청 들어옴
2023-04-29 22:01:58 info: Todo get 쿼리 들어옴 ip: ::1
2023-04-29 22:01:58 info: fa33051f-81a0-43bf-8455-8629fb2de533로 요청 들어옴
2023-04-29 22:01:58 info: Todo get 쿼리 들어옴 ip: ::1
2023-04-29 22:01:58 info: fa33051f-81a0-43bf-8455-8629fb2de533로 요청 들어옴
2023-04-29 22:01:58 info: Todo get 쿼리 들어옴 ip: ::1
2023-04-29 22:01:58 info: fa33051f-81a0-43bf-8455-8629fb2de533로 요청 들어옴
2023-04-29 22:01:58 info: Todo get 쿼리 들어옴 ip: ::1
2023-04-29 22:01:58 info: fa33051f-81a0-43bf-8455-8629fb2de533로 요청 들어옴
2023-04-29 22:01:58 info: Todo get 쿼리 들어옴 ip: ::1
2023-04-29 22:01:58 info: fa33051f-81a0-43bf-8455-8629fb2de533로 요청 들어옴
2023-04-29 22:01:58 info: Todo get 쿼리 들어옴 ip: ::1
2023-04-29 22:01:58 info: fa33051f-81a0-43bf-8455-8629fb2de533로 요청 들어옴
2023-04-29 22:01:58 info: Todo get 쿼리 들어옴 ip: ::1
2023-04-29 22:01:59 info: fa33051f-81a0-43bf-8455-8629fb2de533로 요청 들어옴
2023-04-29 22:01:59 info: Todo get 쿼리 들어옴 ip: ::1
2023-04-29 22:01:59 info: fa33051f-81a0-43bf-8455-8629fb2de533로 요청 들어옴
2023-04-29 22:01:59 info: Todo get 쿼리 들어옴 ip: ::1
2023-04-29 22:01:59 info: fa33051f-81a0-43bf-8455-8629fb2de533로 요청 들어옴
2023-04-29 22:01:59 info: Todo get 쿼리 들어옴 ip: ::1
2023-04-29 22:01:59 info: fa33051f-81a0-43bf-8455-8629fb2de533로 요청 들어옴
2023-04-29 22:01:59 info: Todo get 쿼리 들어옴 ip: ::1
2023-04-29 22:01:59 info: fa33051f-81a0-43bf-8455-8629fb2de533로 요청 들어옴
2023-04-29 22:01:59 info: Todo get 쿼리 들어옴 ip: ::1
2023-04-29 22:01:59 info: fa33051f-81a0-43bf-8455-8629fb2de533로 요청 들어옴
2023-04-29 22:01:59 info: Todo get 쿼리 들어옴 ip: ::1
2023-04-29 22:01:59 info: fa33051f-81a0-43bf-8455-8629fb2de533로 요청 들어옴
2023-04-29 22:01:59 info: Todo get 쿼리 들어옴 ip: ::1
2023-04-29 22:01:59 info: fa33051f-81a0-43bf-8455-8629fb2de533로 요청 들어옴
2023-04-29 22:01:59 info: Todo get 쿼리 들어옴 ip: ::1
2023-04-29 22:01:59 info: fa33051f-81a0-43bf-8455-8629fb2de533로 요청 들어옴
2023-04-29 22:01:59 info: Todo get 쿼리 들어옴 ip: ::1
2023-04-29 22:01:59 info: fa33051f-81a0-43bf-8455-8629fb2de533로 요청 들어옴
2023-04-29 22:01:59 info: Todo get 쿼리 들어옴 ip: ::1
2023-04-29 22:01:59 info: fa33051f-81a0-43bf-8455-8629fb2de533로 요청 들어옴
2023-04-29 22:01:59 info: Todo get 쿼리 들어옴 ip: ::1
2023-04-29 22:01:59 info: fa33051f-81a0-43bf-8455-8629fb2de533로 요청 들어옴
2023-04-29 22:01:59 info: Todo get 쿼리 들어옴 ip: ::1
2023-04-29 22:01:59 info: fa33051f-81a0-43bf-8455-8629fb2de533로 요청 들어옴
2023-04-29 22:01:59 info: Todo get 쿼리 들어옴 ip: ::1
2023-04-29 22:02:00 info: fa33051f-81a0-43bf-8455-8629fb2de533로 요청 들어옴
2023-04-29 22:02:00 info: Todo get 쿼리 들어옴 ip: ::1
2023-04-29 22:02:00 info: fa33051f-81a0-43bf-8455-8629fb2de533로 요청 들어옴
2023-04-29 22:02:00 info: Todo get 쿼리 들어옴 ip: ::1
2023-04-29 22:02:00 info: fa33051f-81a0-43bf-8455-8629fb2de533로 요청 들어옴
2023-04-29 22:02:00 info: Todo get 쿼리 들어옴 ip: ::1
2023-04-29 22:02:00 info: fa33051f-81a0-43bf-8455-8629fb2de533로 요청 들어옴
2023-04-29 22:02:00 info: Todo get 쿼리 들어옴 ip: ::1
2023-04-29 22:02:00 info: fa33051f-81a0-43bf-8455-8629fb2de533로 요청 들어옴
2023-04-29 22:02:00 info: Todo get 쿼리 들어옴 ip: ::1
2023-04-29 22:02:00 info: fa33051f-81a0-43bf-8455-8629fb2de533로 요청 들어옴
2023-04-29 22:02:00 info: Todo get 쿼리 들어옴 ip: ::1
2023-04-29 22:02:00 info: fa33051f-81a0-43bf-8455-8629fb2de533로 요청 들어옴
2023-04-29 22:02:00 info: Todo get 쿼리 들어옴 ip: ::1
2023-04-29 22:02:00 info: fa33051f-81a0-43bf-8455-8629fb2de533로 요청 들어옴
2023-04-29 22:02:00 info: Todo get 쿼리 들어옴 ip: ::1
2023-04-29 22:02:00 info: fa33051f-81a0-43bf-8455-8629fb2de533로 요청 들어옴
2023-04-29 22:02:00 info: Todo get 쿼리 들어옴 ip: ::1
2023-04-29 22:02:00 info: fa33051f-81a0-43bf-8455-8629fb2de533로 요청 들어옴
2023-04-29 22:02:00 info: Todo get 쿼리 들어옴 ip: ::1
2023-04-29 22:02:00 info: fa33051f-81a0-43bf-8455-8629fb2de533로 요청 들어옴
2023-04-29 22:02:00 info: Todo get 쿼리 들어옴 ip: ::1
2023-04-29 22:02:00 info: fa33051f-81a0-43bf-8455-8629fb2de533로 요청 들어옴
2023-04-29 22:02:00 info: Todo get 쿼리 들어옴 ip: ::1
2023-04-29 22:02:01 info: fa33051f-81a0-43bf-8455-8629fb2de533로 요청 들어옴
2023-04-29 22:02:01 info: Todo get 쿼리 들어옴 ip: ::1
2023-04-29 22:02:01 info: fa33051f-81a0-43bf-8455-8629fb2de533로 요청 들어옴
2023-04-29 22:02:01 info: Todo get 쿼리 들어옴 ip: ::1
2023-04-29 22:02:01 info: fa33051f-81a0-43bf-8455-8629fb2de533로 요청 들어옴
2023-04-29 22:02:01 info: Todo get 쿼리 들어옴 ip: ::1
2023-04-29 22:02:01 info: fa33051f-81a0-43bf-8455-8629fb2de533로 요청 들어옴
2023-04-29 22:02:01 info: Todo get 쿼리 들어옴 ip: ::1
2023-04-29 22:02:01 info: fa33051f-81a0-43bf-8455-8629fb2de533로 요청 들어옴
2023-04-29 22:02:01 info: Todo get 쿼리 들어옴 ip: ::1
2023-04-29 22:02:01 info: fa33051f-81a0-43bf-8455-8629fb2de533로 요청 들어옴
2023-04-29 22:02:01 info: Todo get 쿼리 들어옴 ip: ::1
2023-04-29 22:02:01 info: fa33051f-81a0-43bf-8455-8629fb2de533로 요청 들어옴
2023-04-29 22:02:01 info: Todo get 쿼리 들어옴 ip: ::1
2023-04-29 22:02:01 info: fa33051f-81a0-43bf-8455-8629fb2de533로 요청 들어옴
2023-04-29 22:02:01 info: Todo get 쿼리 들어옴 ip: ::1
2023-04-29 22:02:01 info: fa33051f-81a0-43bf-8455-8629fb2de533로 요청 들어옴
2023-04-29 22:02:01 info: Todo get 쿼리 들어옴 ip: ::1
2023-04-29 22:02:01 info: fa33051f-81a0-43bf-8455-8629fb2de533로 요청 들어옴
2023-04-29 22:02:01 info: Todo get 쿼리 들어옴 ip: ::1
2023-04-29 22:02:01 info: fa33051f-81a0-43bf-8455-8629fb2de533로 요청 들어옴
2023-04-29 22:02:01 info: Todo get 쿼리 들어옴 ip: ::1
2023-04-29 22:02:01 info: fa33051f-81a0-43bf-8455-8629fb2de533로 요청 들어옴
2023-04-29 22:02:01 info: Todo get 쿼리 들어옴 ip: ::1
2023-04-29 22:02:02 info: fa33051f-81a0-43bf-8455-8629fb2de533로 요청 들어옴
2023-04-29 22:02:02 info: Todo get 쿼리 들어옴 ip: ::1
2023-04-29 22:02:02 info: fa33051f-81a0-43bf-8455-8629fb2de533로 요청 들어옴
2023-04-29 22:02:02 info: Todo get 쿼리 들어옴 ip: ::1
2023-04-29 22:02:02 info: fa33051f-81a0-43bf-8455-8629fb2de533로 요청 들어옴
2023-04-29 22:02:02 info: Todo get 쿼리 들어옴 ip: ::1
2023-04-29 22:02:02 info: fa33051f-81a0-43bf-8455-8629fb2de533로 요청 들어옴
2023-04-29 22:02:02 info: Todo get 쿼리 들어옴 ip: ::1
2023-04-29 22:02:02 info: fa33051f-81a0-43bf-8455-8629fb2de533로 요청 들어옴
2023-04-29 22:02:02 info: Todo get 쿼리 들어옴 ip: ::1
2023-04-29 22:02:02 info: fa33051f-81a0-43bf-8455-8629fb2de533로 요청 들어옴
2023-04-29 22:02:02 info: Todo get 쿼리 들어옴 ip: ::1
2023-04-29 22:02:02 info: fa33051f-81a0-43bf-8455-8629fb2de533로 요청 들어옴
2023-04-29 22:02:02 info: Todo get 쿼리 들어옴 ip: ::1
2023-04-29 22:02:02 info: fa33051f-81a0-43bf-8455-8629fb2de533로 요청 들어옴
2023-04-29 22:02:02 info: Todo get 쿼리 들어옴 ip: ::1
2023-04-29 22:02:02 info: fa33051f-81a0-43bf-8455-8629fb2de533로 요청 들어옴
2023-04-29 22:02:02 info: Todo get 쿼리 들어옴 ip: ::1
2023-04-29 22:02:02 info: fa33051f-81a0-43bf-8455-8629fb2de533로 요청 들어옴
2023-04-29 22:02:02 info: Todo get 쿼리 들어옴 ip: ::1
2023-04-29 22:02:02 info: fa33051f-81a0-43bf-8455-8629fb2de533로 요청 들어옴
2023-04-29 22:02:02 info: Todo get 쿼리 들어옴 ip: ::1
2023-04-29 22:02:02 info: fa33051f-81a0-43bf-8455-8629fb2de533로 요청 들어옴
2023-04-29 22:02:02 info: Todo get 쿼리 들어옴 ip: ::1
2023-04-29 22:02:03 info: fa33051f-81a0-43bf-8455-8629fb2de533로 요청 들어옴
2023-04-29 22:02:03 info: Todo get 쿼리 들어옴 ip: ::1
2023-04-29 22:02:03 info: fa33051f-81a0-43bf-8455-8629fb2de533로 요청 들어옴
2023-04-29 22:02:03 info: Todo get 쿼리 들어옴 ip: ::1
2023-04-29 22:02:03 info: fa33051f-81a0-43bf-8455-8629fb2de533로 요청 들어옴
2023-04-29 22:02:03 info: Todo get 쿼리 들어옴 ip: ::1
2023-04-29 22:02:03 info: fa33051f-81a0-43bf-8455-8629fb2de533로 요청 들어옴
2023-04-29 22:02:03 info: Todo get 쿼리 들어옴 ip: ::1
2023-04-29 22:02:03 info: fa33051f-81a0-43bf-8455-8629fb2de533로 요청 들어옴
2023-04-29 22:02:03 info: Todo get 쿼리 들어옴 ip: ::1
2023-04-29 22:02:03 info: fa33051f-81a0-43bf-8455-8629fb2de533로 요청 들어옴
2023-04-29 22:02:03 info: Todo get 쿼리 들어옴 ip: ::1
2023-04-29 22:02:03 info: fa33051f-81a0-43bf-8455-8629fb2de533로 요청 들어옴
2023-04-29 22:02:03 info: Todo get 쿼리 들어옴 ip: ::1
2023-04-29 22:02:03 info: fa33051f-81a0-43bf-8455-8629fb2de533로 요청 들어옴
2023-04-29 22:02:03 info: Todo get 쿼리 들어옴 ip: ::1
2023-04-29 22:02:03 info: fa33051f-81a0-43bf-8455-8629fb2de533로 요청 들어옴
2023-04-29 22:02:03 info: Todo get 쿼리 들어옴 ip: ::1
2023-04-29 22:02:03 info: fa33051f-81a0-43bf-8455-8629fb2de533로 요청 들어옴
2023-04-29 22:02:03 info: Todo get 쿼리 들어옴 ip: ::1
2023-04-29 22:02:03 info: fa33051f-81a0-43bf-8455-8629fb2de533로 요청 들어옴
2023-04-29 22:02:03 info: Todo get 쿼리 들어옴 ip: ::1
2023-04-29 22:02:03 info: fa33051f-81a0-43bf-8455-8629fb2de533로 요청 들어옴
2023-04-29 22:02:03 info: Todo get 쿼리 들어옴 ip: ::1
2023-04-29 22:02:04 info: fa33051f-81a0-43bf-8455-8629fb2de533로 요청 들어옴
2023-04-29 22:02:04 info: Todo get 쿼리 들어옴 ip: ::1
2023-04-29 22:02:04 info: fa33051f-81a0-43bf-8455-8629fb2de533로 요청 들어옴
2023-04-29 22:02:04 info: Todo get 쿼리 들어옴 ip: ::1
2023-04-29 22:02:04 info: fa33051f-81a0-43bf-8455-8629fb2de533로 요청 들어옴
2023-04-29 22:02:04 info: Todo get 쿼리 들어옴 ip: ::1
2023-04-29 22:02:04 info: fa33051f-81a0-43bf-8455-8629fb2de533로 요청 들어옴
2023-04-29 22:02:04 info: Todo get 쿼리 들어옴 ip: ::1
2023-04-29 22:02:04 info: fa33051f-81a0-43bf-8455-8629fb2de533로 요청 들어옴
2023-04-29 22:02:04 info: Todo get 쿼리 들어옴 ip: ::1
2023-04-29 22:02:04 info: fa33051f-81a0-43bf-8455-8629fb2de533로 요청 들어옴
2023-04-29 22:02:04 info: Todo get 쿼리 들어옴 ip: ::1
2023-04-29 22:02:04 info: fa33051f-81a0-43bf-8455-8629fb2de533로 요청 들어옴
2023-04-29 22:02:04 info: Todo get 쿼리 들어옴 ip: ::1
2023-04-29 22:02:04 info: fa33051f-81a0-43bf-8455-8629fb2de533로 요청 들어옴
2023-04-29 22:02:04 info: Todo get 쿼리 들어옴 ip: ::1
2023-04-29 22:02:04 info: fa33051f-81a0-43bf-8455-8629fb2de533로 요청 들어옴
2023-04-29 22:02:04 info: Todo get 쿼리 들어옴 ip: ::1
2023-04-29 22:02:04 info: fa33051f-81a0-43bf-8455-8629fb2de533로 요청 들어옴
2023-04-29 22:02:04 info: Todo get 쿼리 들어옴 ip: ::1
2023-04-29 22:02:04 info: fa33051f-81a0-43bf-8455-8629fb2de533로 요청 들어옴
2023-04-29 22:02:04 info: Todo get 쿼리 들어옴 ip: ::1
2023-04-29 22:02:05 info: fa33051f-81a0-43bf-8455-8629fb2de533로 요청 들어옴
2023-04-29 22:02:05 info: Todo get 쿼리 들어옴 ip: ::1
2023-04-29 22:02:05 info: fa33051f-81a0-43bf-8455-8629fb2de533로 요청 들어옴
2023-04-29 22:02:05 info: Todo get 쿼리 들어옴 ip: ::1
2023-04-29 22:02:05 info: fa33051f-81a0-43bf-8455-8629fb2de533로 요청 들어옴
2023-04-29 22:02:05 info: Todo get 쿼리 들어옴 ip: ::1
2023-04-29 22:02:05 info: fa33051f-81a0-43bf-8455-8629fb2de533로 요청 들어옴
2023-04-29 22:02:05 info: Todo get 쿼리 들어옴 ip: ::1
2023-04-29 22:02:05 info: fa33051f-81a0-43bf-8455-8629fb2de533로 요청 들어옴
2023-04-29 22:02:05 info: Todo get 쿼리 들어옴 ip: ::1
2023-04-29 22:02:05 info: fa33051f-81a0-43bf-8455-8629fb2de533로 요청 들어옴
2023-04-29 22:02:05 info: Todo get 쿼리 들어옴 ip: ::1
2023-04-29 22:02:05 info: fa33051f-81a0-43bf-8455-8629fb2de533로 요청 들어옴
2023-04-29 22:02:05 info: Todo get 쿼리 들어옴 ip: ::1
2023-04-29 22:02:05 info: fa33051f-81a0-43bf-8455-8629fb2de533로 요청 들어옴
2023-04-29 22:02:05 info: Todo get 쿼리 들어옴 ip: ::1
2023-04-29 22:02:05 info: fa33051f-81a0-43bf-8455-8629fb2de533로 요청 들어옴
2023-04-29 22:02:05 info: Todo get 쿼리 들어옴 ip: ::1
2023-04-29 22:02:05 info: fa33051f-81a0-43bf-8455-8629fb2de533로 요청 들어옴
2023-04-29 22:02:05 info: Todo get 쿼리 들어옴 ip: ::1
2023-04-29 22:02:06 info: fa33051f-81a0-43bf-8455-8629fb2de533로 요청 들어옴
2023-04-29 22:02:06 info: Todo get 쿼리 들어옴 ip: ::1
2023-04-29 22:02:06 info: fa33051f-81a0-43bf-8455-8629fb2de533로 요청 들어옴
2023-04-29 22:02:06 info: Todo get 쿼리 들어옴 ip: ::1
2023-04-29 22:02:06 info: fa33051f-81a0-43bf-8455-8629fb2de533로 요청 들어옴
2023-04-29 22:02:06 info: Todo get 쿼리 들어옴 ip: ::1
2023-04-29 22:02:06 info: fa33051f-81a0-43bf-8455-8629fb2de533로 요청 들어옴
2023-04-29 22:02:06 info: Todo get 쿼리 들어옴 ip: ::1
2023-04-29 22:02:06 info: fa33051f-81a0-43bf-8455-8629fb2de533로 요청 들어옴
2023-04-29 22:02:06 info: Todo get 쿼리 들어옴 ip: ::1
2023-04-29 22:02:06 info: fa33051f-81a0-43bf-8455-8629fb2de533로 요청 들어옴
2023-04-29 22:02:06 info: Todo get 쿼리 들어옴 ip: ::1
2023-04-29 22:02:06 info: fa33051f-81a0-43bf-8455-8629fb2de533로 요청 들어옴
2023-04-29 22:02:06 info: Todo get 쿼리 들어옴 ip: ::1
2023-04-29 22:02:06 info: fa33051f-81a0-43bf-8455-8629fb2de533로 요청 들어옴
2023-04-29 22:02:06 info: Todo get 쿼리 들어옴 ip: ::1
2023-04-29 22:02:06 info: fa33051f-81a0-43bf-8455-8629fb2de533로 요청 들어옴
2023-04-29 22:02:06 info: Todo get 쿼리 들어옴 ip: ::1
2023-04-29 22:02:07 info: fa33051f-81a0-43bf-8455-8629fb2de533로 요청 들어옴
2023-04-29 22:02:07 info: Todo get 쿼리 들어옴 ip: ::1
2023-04-29 22:02:07 info: fa33051f-81a0-43bf-8455-8629fb2de533로 요청 들어옴
2023-04-29 22:02:07 info: Todo get 쿼리 들어옴 ip: ::1
2023-04-29 22:02:07 info: fa33051f-81a0-43bf-8455-8629fb2de533로 요청 들어옴
2023-04-29 22:02:07 info: Todo get 쿼리 들어옴 ip: ::1
2023-04-29 22:02:07 info: fa33051f-81a0-43bf-8455-8629fb2de533로 요청 들어옴
2023-04-29 22:02:07 info: Todo get 쿼리 들어옴 ip: ::1
2023-04-29 22:02:07 info: fa33051f-81a0-43bf-8455-8629fb2de533로 요청 들어옴
2023-04-29 22:02:07 info: Todo get 쿼리 들어옴 ip: ::1
2023-04-29 22:02:07 info: fa33051f-81a0-43bf-8455-8629fb2de533로 요청 들어옴
2023-04-29 22:02:07 info: Todo get 쿼리 들어옴 ip: ::1
2023-04-29 22:02:07 info: fa33051f-81a0-43bf-8455-8629fb2de533로 요청 들어옴
2023-04-29 22:02:07 info: Todo get 쿼리 들어옴 ip: ::1
2023-04-29 22:03:04 info: fa33051f-81a0-43bf-8455-8629fb2de533로 요청 들어옴
2023-04-29 22:03:04 info: Todo get 쿼리 들어옴 ip: ::1
2023-04-29 22:03:08 info: fa33051f-81a0-43bf-8455-8629fb2de533로 요청 들어옴
2023-04-29 22:03:08 info: todo카드 추가 [object Object]
2023-04-29 22:03:08 info: fa33051f-81a0-43bf-8455-8629fb2de533로 요청 들어옴
2023-04-29 22:03:08 info: Todo get 쿼리 들어옴 ip: ::1
2023-04-29 22:03:22 info: fa33051f-81a0-43bf-8455-8629fb2de533로 요청 들어옴
2023-04-29 22:03:22 info: todo카드 추가 [object Object]
2023-04-29 22:03:23 info: fa33051f-81a0-43bf-8455-8629fb2de533로 요청 들어옴
2023-04-29 22:03:23 info: Todo get 쿼리 들어옴 ip: ::1
2023-04-29 22:03:48 info: fa33051f-81a0-43bf-8455-8629fb2de533로 요청 들어옴
2023-04-29 22:03:48 info: 카드 제목 변경 [object Object]
2023-04-29 22:03:48 info: fa33051f-81a0-43bf-8455-8629fb2de533로 요청 들어옴
2023-04-29 22:03:48 info: Todo get 쿼리 들어옴 ip: ::1
2023-04-29 22:04:41 info: fa33051f-81a0-43bf-8455-8629fb2de533로 요청 들어옴
2023-04-29 22:04:41 info: todo카드 추가 [object Object]
2023-04-29 22:04:41 info: fa33051f-81a0-43bf-8455-8629fb2de533로 요청 들어옴
2023-04-29 22:04:41 info: Todo get 쿼리 들어옴 ip: ::1
2023-04-29 22:55:15 info: fa33051f-81a0-43bf-8455-8629fb2de533로 요청 들어옴
2023-04-29 22:55:15 info: Todo get 쿼리 들어옴 ip: ::1
2023-04-29 22:55:22 info: fa33051f-81a0-43bf-8455-8629fb2de533로 요청 들어옴
2023-04-29 22:55:22 info: 할일 추가 [object Object]
2023-04-29 23:02:26 info: fa33051f-81a0-43bf-8455-8629fb2de533로 요청 들어옴
2023-04-29 23:02:26 info: 할일 추가 [object Object]
2023-04-29 23:02:30 info: fa33051f-81a0-43bf-8455-8629fb2de533로 요청 들어옴
2023-04-29 23:02:30 info: Todo get 쿼리 들어옴 ip: ::1
2023-04-29 23:02:39 info: fa33051f-81a0-43bf-8455-8629fb2de533로 요청 들어옴
2023-04-29 23:02:39 info: 할일 추가 [object Object]
2023-04-29 23:08:02 info: fa33051f-81a0-43bf-8455-8629fb2de533로 요청 들어옴
2023-04-29 23:08:02 info: 할일 추가 {"id":"644d1485d7fb59b729a47004","task":"ㅁㅁㅁㅁ"}
